<?xml version="1.0" encoding="UTF-8" standalone="no"?>
<!DOCTYPE log SYSTEM "logger.dtd">
<log>
<record>
  <date>2013-12-01T22:36:47</date>
  <millis>1385930207514</millis>
  <sequence>0</sequence>
  <logger>grafovirsuniuranguotojas.GrafoVirsuniuRanguotojas</logger>
  <level>INFO</level>
  <class>grafovirsuniuranguotojas.GrafoVirsuniuRanguotojas</class>
  <method>paruostiLogeri</method>
  <thread>1</thread>
  <message>Logeris sėkmingai paruoštas darbui.</message>
</record>
<record>
  <date>2013-12-01T22:36:47</date>
  <millis>1385930207529</millis>
  <sequence>1</sequence>
  <logger>grafovirsuniuranguotojas.GrafoVirsuniuRanguotojas</logger>
  <level>INFO</level>
  <class>grafovirsuniuranguotojas.GUI</class>
  <method>paruostiGUI</method>
  <thread>1</thread>
  <message>Ruošiama grafinė sąsaja.</message>
</record>
<record>
  <date>2013-12-01T22:36:47</date>
  <millis>1385930207669</millis>
  <sequence>2</sequence>
  <logger>grafovirsuniuranguotojas.GrafoVirsuniuRanguotojas</logger>
  <level>INFO</level>
  <class>grafovirsuniuranguotojas.GUI</class>
  <method>paruostiGUI</method>
  <thread>1</thread>
  <message>Lango matmenys: 921x520</message>
</record>
<record>
  <date>2013-12-01T22:36:47</date>
  <millis>1385930207824</millis>
  <sequence>3</sequence>
  <logger>grafovirsuniuranguotojas.GrafoVirsuniuRanguotojas</logger>
  <level>INFO</level>
  <class>grafovirsuniuranguotojas.GUI$2</class>
  <method>componentResized</method>
  <thread>13</thread>
  <message>Keičiami lango matmenys į 921x520, meniu aukštis: 21</message>
</record>
<record>
  <date>2013-12-01T22:36:47</date>
  <millis>1385930207877</millis>
  <sequence>4</sequence>
  <logger>grafovirsuniuranguotojas.GrafoVirsuniuRanguotojas</logger>
  <level>INFO</level>
  <class>grafovirsuniuranguotojas.GUI$2</class>
  <method>componentResized</method>
  <thread>13</thread>
  <message>Keičiami lango matmenys į 921x520, meniu aukštis: 21</message>
</record>
<record>
  <date>2013-12-01T22:36:47</date>
  <millis>1385930207940</millis>
  <sequence>5</sequence>
  <logger>grafovirsuniuranguotojas.GrafoVirsuniuRanguotojas</logger>
  <level>INFO</level>
  <class>grafovirsuniuranguotojas.GUI$2</class>
  <method>componentResized</method>
  <thread>13</thread>
  <message>Keičiami lango matmenys į 921x520, meniu aukštis: 21</message>
</record>
<record>
  <date>2013-12-01T22:36:51</date>
  <millis>1385930211002</millis>
  <sequence>6</sequence>
  <logger>grafovirsuniuranguotojas.GrafoVirsuniuRanguotojas</logger>
  <level>WARNING</level>
  <class>grafovirsuniuranguotojas.GrafoPanele$1</class>
  <method>mouseDragged</method>
  <thread>13</thread>
  <message>Bandoma viršūnę nustumti už ribų</message>
</record>
<record>
  <date>2013-12-01T22:36:51</date>
  <millis>1385930211014</millis>
  <sequence>7</sequence>
  <logger>grafovirsuniuranguotojas.GrafoVirsuniuRanguotojas</logger>
  <level>WARNING</level>
  <class>grafovirsuniuranguotojas.GrafoPanele$1</class>
  <method>mouseDragged</method>
  <thread>13</thread>
  <message>Bandoma viršūnę nustumti už ribų</message>
</record>
<record>
  <date>2013-12-01T22:36:51</date>
  <millis>1385930211019</millis>
  <sequence>8</sequence>
  <logger>grafovirsuniuranguotojas.GrafoVirsuniuRanguotojas</logger>
  <level>WARNING</level>
  <class>grafovirsuniuranguotojas.GrafoPanele$1</class>
  <method>mouseDragged</method>
  <thread>13</thread>
  <message>Bandoma viršūnę nustumti už ribų</message>
</record>
<record>
  <date>2013-12-01T22:36:51</date>
  <millis>1385930211025</millis>
  <sequence>9</sequence>
  <logger>grafovirsuniuranguotojas.GrafoVirsuniuRanguotojas</logger>
  <level>WARNING</level>
  <class>grafovirsuniuranguotojas.GrafoPanele$1</class>
  <method>mouseDragged</method>
  <thread>13</thread>
  <message>Bandoma viršūnę nustumti už ribų</message>
</record>
<record>
  <date>2013-12-01T22:36:51</date>
  <millis>1385930211033</millis>
  <sequence>10</sequence>
  <logger>grafovirsuniuranguotojas.GrafoVirsuniuRanguotojas</logger>
  <level>WARNING</level>
  <class>grafovirsuniuranguotojas.GrafoPanele$1</class>
  <method>mouseDragged</method>
  <thread>13</thread>
  <message>Bandoma viršūnę nustumti už ribų</message>
</record>
<record>
  <date>2013-12-01T22:36:51</date>
  <millis>1385930211041</millis>
  <sequence>11</sequence>
  <logger>grafovirsuniuranguotojas.GrafoVirsuniuRanguotojas</logger>
  <level>WARNING</level>
  <class>grafovirsuniuranguotojas.GrafoPanele$1</class>
  <method>mouseDragged</method>
  <thread>13</thread>
  <message>Bandoma viršūnę nustumti už ribų</message>
</record>
<record>
  <date>2013-12-01T22:36:51</date>
  <millis>1385930211049</millis>
  <sequence>12</sequence>
  <logger>grafovirsuniuranguotojas.GrafoVirsuniuRanguotojas</logger>
  <level>WARNING</level>
  <class>grafovirsuniuranguotojas.GrafoPanele$1</class>
  <method>mouseDragged</method>
  <thread>13</thread>
  <message>Bandoma viršūnę nustumti už ribų</message>
</record>
<record>
  <date>2013-12-01T22:36:51</date>
  <millis>1385930211057</millis>
  <sequence>13</sequence>
  <logger>grafovirsuniuranguotojas.GrafoVirsuniuRanguotojas</logger>
  <level>WARNING</level>
  <class>grafovirsuniuranguotojas.GrafoPanele$1</class>
  <method>mouseDragged</method>
  <thread>13</thread>
  <message>Bandoma viršūnę nustumti už ribų</message>
</record>
<record>
  <date>2013-12-01T22:36:51</date>
  <millis>1385930211065</millis>
  <sequence>14</sequence>
  <logger>grafovirsuniuranguotojas.GrafoVirsuniuRanguotojas</logger>
  <level>WARNING</level>
  <class>grafovirsuniuranguotojas.GrafoPanele$1</class>
  <method>mouseDragged</method>
  <thread>13</thread>
  <message>Bandoma viršūnę nustumti už ribų</message>
</record>
<record>
  <date>2013-12-01T22:36:51</date>
  <millis>1385930211073</millis>
  <sequence>15</sequence>
  <logger>grafovirsuniuranguotojas.GrafoVirsuniuRanguotojas</logger>
  <level>WARNING</level>
  <class>grafovirsuniuranguotojas.GrafoPanele$1</class>
  <method>mouseDragged</method>
  <thread>13</thread>
  <message>Bandoma viršūnę nustumti už ribų</message>
</record>
<record>
  <date>2013-12-01T22:36:51</date>
  <millis>1385930211082</millis>
  <sequence>16</sequence>
  <logger>grafovirsuniuranguotojas.GrafoVirsuniuRanguotojas</logger>
  <level>WARNING</level>
  <class>grafovirsuniuranguotojas.GrafoPanele$1</class>
  <method>mouseDragged</method>
  <thread>13</thread>
  <message>Bandoma viršūnę nustumti už ribų</message>
</record>
<record>
  <date>2013-12-01T22:36:51</date>
  <millis>1385930211090</millis>
  <sequence>17</sequence>
  <logger>grafovirsuniuranguotojas.GrafoVirsuniuRanguotojas</logger>
  <level>WARNING</level>
  <class>grafovirsuniuranguotojas.GrafoPanele$1</class>
  <method>mouseDragged</method>
  <thread>13</thread>
  <message>Bandoma viršūnę nustumti už ribų</message>
</record>
<record>
  <date>2013-12-01T22:36:51</date>
  <millis>1385930211098</millis>
  <sequence>18</sequence>
  <logger>grafovirsuniuranguotojas.GrafoVirsuniuRanguotojas</logger>
  <level>WARNING</level>
  <class>grafovirsuniuranguotojas.GrafoPanele$1</class>
  <method>mouseDragged</method>
  <thread>13</thread>
  <message>Bandoma viršūnę nustumti už ribų</message>
</record>
<record>
  <date>2013-12-01T22:36:51</date>
  <millis>1385930211106</millis>
  <sequence>19</sequence>
  <logger>grafovirsuniuranguotojas.GrafoVirsuniuRanguotojas</logger>
  <level>WARNING</level>
  <class>grafovirsuniuranguotojas.GrafoPanele$1</class>
  <method>mouseDragged</method>
  <thread>13</thread>
  <message>Bandoma viršūnę nustumti už ribų</message>
</record>
<record>
  <date>2013-12-01T22:36:51</date>
  <millis>1385930211114</millis>
  <sequence>20</sequence>
  <logger>grafovirsuniuranguotojas.GrafoVirsuniuRanguotojas</logger>
  <level>WARNING</level>
  <class>grafovirsuniuranguotojas.GrafoPanele$1</class>
  <method>mouseDragged</method>
  <thread>13</thread>
  <message>Bandoma viršūnę nustumti už ribų</message>
</record>
<record>
  <date>2013-12-01T22:36:51</date>
  <millis>1385930211123</millis>
  <sequence>21</sequence>
  <logger>grafovirsuniuranguotojas.GrafoVirsuniuRanguotojas</logger>
  <level>WARNING</level>
  <class>grafovirsuniuranguotojas.GrafoPanele$1</class>
  <method>mouseDragged</method>
  <thread>13</thread>
  <message>Bandoma viršūnę nustumti už ribų</message>
</record>
<record>
  <date>2013-12-01T22:36:51</date>
  <millis>1385930211129</millis>
  <sequence>22</sequence>
  <logger>grafovirsuniuranguotojas.GrafoVirsuniuRanguotojas</logger>
  <level>WARNING</level>
  <class>grafovirsuniuranguotojas.GrafoPanele$1</class>
  <method>mouseDragged</method>
  <thread>13</thread>
  <message>Bandoma viršūnę nustumti už ribų</message>
</record>
<record>
  <date>2013-12-01T22:36:51</date>
  <millis>1385930211137</millis>
  <sequence>23</sequence>
  <logger>grafovirsuniuranguotojas.GrafoVirsuniuRanguotojas</logger>
  <level>WARNING</level>
  <class>grafovirsuniuranguotojas.GrafoPanele$1</class>
  <method>mouseDragged</method>
  <thread>13</thread>
  <message>Bandoma viršūnę nustumti už ribų</message>
</record>
<record>
  <date>2013-12-01T22:36:51</date>
  <millis>1385930211146</millis>
  <sequence>24</sequence>
  <logger>grafovirsuniuranguotojas.GrafoVirsuniuRanguotojas</logger>
  <level>WARNING</level>
  <class>grafovirsuniuranguotojas.GrafoPanele$1</class>
  <method>mouseDragged</method>
  <thread>13</thread>
  <message>Bandoma viršūnę nustumti už ribų</message>
</record>
<record>
  <date>2013-12-01T22:36:51</date>
  <millis>1385930211154</millis>
  <sequence>25</sequence>
  <logger>grafovirsuniuranguotojas.GrafoVirsuniuRanguotojas</logger>
  <level>WARNING</level>
  <class>grafovirsuniuranguotojas.GrafoPanele$1</class>
  <method>mouseDragged</method>
  <thread>13</thread>
  <message>Bandoma viršūnę nustumti už ribų</message>
</record>
<record>
  <date>2013-12-01T22:36:51</date>
  <millis>1385930211161</millis>
  <sequence>26</sequence>
  <logger>grafovirsuniuranguotojas.GrafoVirsuniuRanguotojas</logger>
  <level>WARNING</level>
  <class>grafovirsuniuranguotojas.GrafoPanele$1</class>
  <method>mouseDragged</method>
  <thread>13</thread>
  <message>Bandoma viršūnę nustumti už ribų</message>
</record>
<record>
  <date>2013-12-01T22:36:51</date>
  <millis>1385930211170</millis>
  <sequence>27</sequence>
  <logger>grafovirsuniuranguotojas.GrafoVirsuniuRanguotojas</logger>
  <level>WARNING</level>
  <class>grafovirsuniuranguotojas.GrafoPanele$1</class>
  <method>mouseDragged</method>
  <thread>13</thread>
  <message>Bandoma viršūnę nustumti už ribų</message>
</record>
<record>
  <date>2013-12-01T22:36:51</date>
  <millis>1385930211177</millis>
  <sequence>28</sequence>
  <logger>grafovirsuniuranguotojas.GrafoVirsuniuRanguotojas</logger>
  <level>WARNING</level>
  <class>grafovirsuniuranguotojas.GrafoPanele$1</class>
  <method>mouseDragged</method>
  <thread>13</thread>
  <message>Bandoma viršūnę nustumti už ribų</message>
</record>
<record>
  <date>2013-12-01T22:36:51</date>
  <millis>1385930211186</millis>
  <sequence>29</sequence>
  <logger>grafovirsuniuranguotojas.GrafoVirsuniuRanguotojas</logger>
  <level>WARNING</level>
  <class>grafovirsuniuranguotojas.GrafoPanele$1</class>
  <method>mouseDragged</method>
  <thread>13</thread>
  <message>Bandoma viršūnę nustumti už ribų</message>
</record>
<record>
  <date>2013-12-01T22:36:51</date>
  <millis>1385930211194</millis>
  <sequence>30</sequence>
  <logger>grafovirsuniuranguotojas.GrafoVirsuniuRanguotojas</logger>
  <level>WARNING</level>
  <class>grafovirsuniuranguotojas.GrafoPanele$1</class>
  <method>mouseDragged</method>
  <thread>13</thread>
  <message>Bandoma viršūnę nustumti už ribų</message>
</record>
<record>
  <date>2013-12-01T22:36:51</date>
  <millis>1385930211202</millis>
  <sequence>31</sequence>
  <logger>grafovirsuniuranguotojas.GrafoVirsuniuRanguotojas</logger>
  <level>WARNING</level>
  <class>grafovirsuniuranguotojas.GrafoPanele$1</class>
  <method>mouseDragged</method>
  <thread>13</thread>
  <message>Bandoma viršūnę nustumti už ribų</message>
</record>
<record>
  <date>2013-12-01T22:36:51</date>
  <millis>1385930211213</millis>
  <sequence>32</sequence>
  <logger>grafovirsuniuranguotojas.GrafoVirsuniuRanguotojas</logger>
  <level>WARNING</level>
  <class>grafovirsuniuranguotojas.GrafoPanele$1</class>
  <method>mouseDragged</method>
  <thread>13</thread>
  <message>Bandoma viršūnę nustumti už ribų</message>
</record>
<record>
  <date>2013-12-01T22:36:51</date>
  <millis>1385930211222</millis>
  <sequence>33</sequence>
  <logger>grafovirsuniuranguotojas.GrafoVirsuniuRanguotojas</logger>
  <level>WARNING</level>
  <class>grafovirsuniuranguotojas.GrafoPanele$1</class>
  <method>mouseDragged</method>
  <thread>13</thread>
  <message>Bandoma viršūnę nustumti už ribų</message>
</record>
<record>
  <date>2013-12-01T22:36:51</date>
  <millis>1385930211225</millis>
  <sequence>34</sequence>
  <logger>grafovirsuniuranguotojas.GrafoVirsuniuRanguotojas</logger>
  <level>WARNING</level>
  <class>grafovirsuniuranguotojas.GrafoPanele$1</class>
  <method>mouseDragged</method>
  <thread>13</thread>
  <message>Bandoma viršūnę nustumti už ribų</message>
</record>
<record>
  <date>2013-12-01T22:36:51</date>
  <millis>1385930211321</millis>
  <sequence>35</sequence>
  <logger>grafovirsuniuranguotojas.GrafoVirsuniuRanguotojas</logger>
  <level>WARNING</level>
  <class>grafovirsuniuranguotojas.GrafoPanele$1</class>
  <method>mouseDragged</method>
  <thread>13</thread>
  <message>Bandoma viršūnę nustumti už ribų</message>
</record>
<record>
  <date>2013-12-01T22:36:51</date>
  <millis>1385930211329</millis>
  <sequence>36</sequence>
  <logger>grafovirsuniuranguotojas.GrafoVirsuniuRanguotojas</logger>
  <level>WARNING</level>
  <class>grafovirsuniuranguotojas.GrafoPanele$1</class>
  <method>mouseDragged</method>
  <thread>13</thread>
  <message>Bandoma viršūnę nustumti už ribų</message>
</record>
<record>
  <date>2013-12-01T22:36:51</date>
  <millis>1385930211337</millis>
  <sequence>37</sequence>
  <logger>grafovirsuniuranguotojas.GrafoVirsuniuRanguotojas</logger>
  <level>WARNING</level>
  <class>grafovirsuniuranguotojas.GrafoPanele$1</class>
  <method>mouseDragged</method>
  <thread>13</thread>
  <message>Bandoma viršūnę nustumti už ribų</message>
</record>
<record>
  <date>2013-12-01T22:36:51</date>
  <millis>1385930211345</millis>
  <sequence>38</sequence>
  <logger>grafovirsuniuranguotojas.GrafoVirsuniuRanguotojas</logger>
  <level>WARNING</level>
  <class>grafovirsuniuranguotojas.GrafoPanele$1</class>
  <method>mouseDragged</method>
  <thread>13</thread>
  <message>Bandoma viršūnę nustumti už ribų</message>
</record>
<record>
  <date>2013-12-01T22:36:51</date>
  <millis>1385930211353</millis>
  <sequence>39</sequence>
  <logger>grafovirsuniuranguotojas.GrafoVirsuniuRanguotojas</logger>
  <level>WARNING</level>
  <class>grafovirsuniuranguotojas.GrafoPanele$1</class>
  <method>mouseDragged</method>
  <thread>13</thread>
  <message>Bandoma viršūnę nustumti už ribų</message>
</record>
<record>
  <date>2013-12-01T22:36:51</date>
  <millis>1385930211361</millis>
  <sequence>40</sequence>
  <logger>grafovirsuniuranguotojas.GrafoVirsuniuRanguotojas</logger>
  <level>WARNING</level>
  <class>grafovirsuniuranguotojas.GrafoPanele$1</class>
  <method>mouseDragged</method>
  <thread>13</thread>
  <message>Bandoma viršūnę nustumti už ribų</message>
</record>
<record>
  <date>2013-12-01T22:36:51</date>
  <millis>1385930211370</millis>
  <sequence>41</sequence>
  <logger>grafovirsuniuranguotojas.GrafoVirsuniuRanguotojas</logger>
  <level>WARNING</level>
  <class>grafovirsuniuranguotojas.GrafoPanele$1</class>
  <method>mouseDragged</method>
  <thread>13</thread>
  <message>Bandoma viršūnę nustumti už ribų</message>
</record>
<record>
  <date>2013-12-01T22:36:51</date>
  <millis>1385930211377</millis>
  <sequence>42</sequence>
  <logger>grafovirsuniuranguotojas.GrafoVirsuniuRanguotojas</logger>
  <level>WARNING</level>
  <class>grafovirsuniuranguotojas.GrafoPanele$1</class>
  <method>mouseDragged</method>
  <thread>13</thread>
  <message>Bandoma viršūnę nustumti už ribų</message>
</record>
<record>
  <date>2013-12-01T22:36:53</date>
  <millis>1385930213186</millis>
  <sequence>43</sequence>
  <logger>grafovirsuniuranguotojas.GrafoVirsuniuRanguotojas</logger>
  <level>WARNING</level>
  <class>grafovirsuniuranguotojas.GrafoPanele$1</class>
  <method>mouseDragged</method>
  <thread>13</thread>
  <message>Bandoma viršūnę nustumti už ribų</message>
</record>
<record>
  <date>2013-12-01T22:36:53</date>
  <millis>1385930213193</millis>
  <sequence>44</sequence>
  <logger>grafovirsuniuranguotojas.GrafoVirsuniuRanguotojas</logger>
  <level>WARNING</level>
  <class>grafovirsuniuranguotojas.GrafoPanele$1</class>
  <method>mouseDragged</method>
  <thread>13</thread>
  <message>Bandoma viršūnę nustumti už ribų</message>
</record>
<record>
  <date>2013-12-01T22:36:53</date>
  <millis>1385930213201</millis>
  <sequence>45</sequence>
  <logger>grafovirsuniuranguotojas.GrafoVirsuniuRanguotojas</logger>
  <level>WARNING</level>
  <class>grafovirsuniuranguotojas.GrafoPanele$1</class>
  <method>mouseDragged</method>
  <thread>13</thread>
  <message>Bandoma viršūnę nustumti už ribų</message>
</record>
<record>
  <date>2013-12-01T22:36:53</date>
  <millis>1385930213210</millis>
  <sequence>46</sequence>
  <logger>grafovirsuniuranguotojas.GrafoVirsuniuRanguotojas</logger>
  <level>WARNING</level>
  <class>grafovirsuniuranguotojas.GrafoPanele$1</class>
  <method>mouseDragged</method>
  <thread>13</thread>
  <message>Bandoma viršūnę nustumti už ribų</message>
</record>
<record>
  <date>2013-12-01T22:36:53</date>
  <millis>1385930213218</millis>
  <sequence>47</sequence>
  <logger>grafovirsuniuranguotojas.GrafoVirsuniuRanguotojas</logger>
  <level>WARNING</level>
  <class>grafovirsuniuranguotojas.GrafoPanele$1</class>
  <method>mouseDragged</method>
  <thread>13</thread>
  <message>Bandoma viršūnę nustumti už ribų</message>
</record>
<record>
  <date>2013-12-01T22:36:53</date>
  <millis>1385930213226</millis>
  <sequence>48</sequence>
  <logger>grafovirsuniuranguotojas.GrafoVirsuniuRanguotojas</logger>
  <level>WARNING</level>
  <class>grafovirsuniuranguotojas.GrafoPanele$1</class>
  <method>mouseDragged</method>
  <thread>13</thread>
  <message>Bandoma viršūnę nustumti už ribų</message>
</record>
<record>
  <date>2013-12-01T22:36:53</date>
  <millis>1385930213234</millis>
  <sequence>49</sequence>
  <logger>grafovirsuniuranguotojas.GrafoVirsuniuRanguotojas</logger>
  <level>WARNING</level>
  <class>grafovirsuniuranguotojas.GrafoPanele$1</class>
  <method>mouseDragged</method>
  <thread>13</thread>
  <message>Bandoma viršūnę nustumti už ribų</message>
</record>
<record>
  <date>2013-12-01T22:36:53</date>
  <millis>1385930213241</millis>
  <sequence>50</sequence>
  <logger>grafovirsuniuranguotojas.GrafoVirsuniuRanguotojas</logger>
  <level>WARNING</level>
  <class>grafovirsuniuranguotojas.GrafoPanele$1</class>
  <method>mouseDragged</method>
  <thread>13</thread>
  <message>Bandoma viršūnę nustumti už ribų</message>
</record>
<record>
  <date>2013-12-01T22:36:53</date>
  <millis>1385930213249</millis>
  <sequence>51</sequence>
  <logger>grafovirsuniuranguotojas.GrafoVirsuniuRanguotojas</logger>
  <level>WARNING</level>
  <class>grafovirsuniuranguotojas.GrafoPanele$1</class>
  <method>mouseDragged</method>
  <thread>13</thread>
  <message>Bandoma viršūnę nustumti už ribų</message>
</record>
<record>
  <date>2013-12-01T22:36:53</date>
  <millis>1385930213257</millis>
  <sequence>52</sequence>
  <logger>grafovirsuniuranguotojas.GrafoVirsuniuRanguotojas</logger>
  <level>WARNING</level>
  <class>grafovirsuniuranguotojas.GrafoPanele$1</class>
  <method>mouseDragged</method>
  <thread>13</thread>
  <message>Bandoma viršūnę nustumti už ribų</message>
</record>
<record>
  <date>2013-12-01T22:36:53</date>
  <millis>1385930213265</millis>
  <sequence>53</sequence>
  <logger>grafovirsuniuranguotojas.GrafoVirsuniuRanguotojas</logger>
  <level>WARNING</level>
  <class>grafovirsuniuranguotojas.GrafoPanele$1</class>
  <method>mouseDragged</method>
  <thread>13</thread>
  <message>Bandoma viršūnę nustumti už ribų</message>
</record>
<record>
  <date>2013-12-01T22:36:53</date>
  <millis>1385930213273</millis>
  <sequence>54</sequence>
  <logger>grafovirsuniuranguotojas.GrafoVirsuniuRanguotojas</logger>
  <level>WARNING</level>
  <class>grafovirsuniuranguotojas.GrafoPanele$1</class>
  <method>mouseDragged</method>
  <thread>13</thread>
  <message>Bandoma viršūnę nustumti už ribų</message>
</record>
<record>
  <date>2013-12-01T22:36:53</date>
  <millis>1385930213281</millis>
  <sequence>55</sequence>
  <logger>grafovirsuniuranguotojas.GrafoVirsuniuRanguotojas</logger>
  <level>WARNING</level>
  <class>grafovirsuniuranguotojas.GrafoPanele$1</class>
  <method>mouseDragged</method>
  <thread>13</thread>
  <message>Bandoma viršūnę nustumti už ribų</message>
</record>
<record>
  <date>2013-12-01T22:36:53</date>
  <millis>1385930213289</millis>
  <sequence>56</sequence>
  <logger>grafovirsuniuranguotojas.GrafoVirsuniuRanguotojas</logger>
  <level>WARNING</level>
  <class>grafovirsuniuranguotojas.GrafoPanele$1</class>
  <method>mouseDragged</method>
  <thread>13</thread>
  <message>Bandoma viršūnę nustumti už ribų</message>
</record>
<record>
  <date>2013-12-01T22:36:53</date>
  <millis>1385930213442</millis>
  <sequence>57</sequence>
  <logger>grafovirsuniuranguotojas.GrafoVirsuniuRanguotojas</logger>
  <level>WARNING</level>
  <class>grafovirsuniuranguotojas.GrafoPanele$1</class>
  <method>mouseDragged</method>
  <thread>13</thread>
  <message>Bandoma viršūnę uždėti ant kitos viršūnės</message>
</record>
<record>
  <date>2013-12-01T22:36:53</date>
  <millis>1385930213450</millis>
  <sequence>58</sequence>
  <logger>grafovirsuniuranguotojas.GrafoVirsuniuRanguotojas</logger>
  <level>WARNING</level>
  <class>grafovirsuniuranguotojas.GrafoPanele$1</class>
  <method>mouseDragged</method>
  <thread>13</thread>
  <message>Bandoma viršūnę uždėti ant kitos viršūnės</message>
</record>
<record>
  <date>2013-12-01T22:36:53</date>
  <millis>1385930213457</millis>
  <sequence>59</sequence>
  <logger>grafovirsuniuranguotojas.GrafoVirsuniuRanguotojas</logger>
  <level>WARNING</level>
  <class>grafovirsuniuranguotojas.GrafoPanele$1</class>
  <method>mouseDragged</method>
  <thread>13</thread>
  <message>Bandoma viršūnę uždėti ant kitos viršūnės</message>
</record>
<record>
  <date>2013-12-01T22:36:53</date>
  <millis>1385930213465</millis>
  <sequence>60</sequence>
  <logger>grafovirsuniuranguotojas.GrafoVirsuniuRanguotojas</logger>
  <level>WARNING</level>
  <class>grafovirsuniuranguotojas.GrafoPanele$1</class>
  <method>mouseDragged</method>
  <thread>13</thread>
  <message>Bandoma viršūnę uždėti ant kitos viršūnės</message>
</record>
<record>
  <date>2013-12-01T22:36:53</date>
  <millis>1385930213473</millis>
  <sequence>61</sequence>
  <logger>grafovirsuniuranguotojas.GrafoVirsuniuRanguotojas</logger>
  <level>WARNING</level>
  <class>grafovirsuniuranguotojas.GrafoPanele$1</class>
  <method>mouseDragged</method>
  <thread>13</thread>
  <message>Bandoma viršūnę uždėti ant kitos viršūnės</message>
</record>
<record>
  <date>2013-12-01T22:36:53</date>
  <millis>1385930213481</millis>
  <sequence>62</sequence>
  <logger>grafovirsuniuranguotojas.GrafoVirsuniuRanguotojas</logger>
  <level>WARNING</level>
  <class>grafovirsuniuranguotojas.GrafoPanele$1</class>
  <method>mouseDragged</method>
  <thread>13</thread>
  <message>Bandoma viršūnę uždėti ant kitos viršūnės</message>
</record>
<record>
  <date>2013-12-01T22:36:53</date>
  <millis>1385930213489</millis>
  <sequence>63</sequence>
  <logger>grafovirsuniuranguotojas.GrafoVirsuniuRanguotojas</logger>
  <level>WARNING</level>
  <class>grafovirsuniuranguotojas.GrafoPanele$1</class>
  <method>mouseDragged</method>
  <thread>13</thread>
  <message>Bandoma viršūnę uždėti ant kitos viršūnės</message>
</record>
<record>
  <date>2013-12-01T22:36:53</date>
  <millis>1385930213497</millis>
  <sequence>64</sequence>
  <logger>grafovirsuniuranguotojas.GrafoVirsuniuRanguotojas</logger>
  <level>WARNING</level>
  <class>grafovirsuniuranguotojas.GrafoPanele$1</class>
  <method>mouseDragged</method>
  <thread>13</thread>
  <message>Bandoma viršūnę uždėti ant kitos viršūnės</message>
</record>
</log>
