<?xml version="1.0" encoding="UTF-8" standalone="no"?>
<!DOCTYPE log SYSTEM "logger.dtd">
<log>
<record>
  <date>2013-12-03T13:50:39</date>
  <millis>1386071439506</millis>
  <sequence>0</sequence>
  <logger>grafovirsuniuranguotojas.GrafoVirsuniuRanguotojas</logger>
  <level>INFO</level>
  <class>grafovirsuniuranguotojas.GrafoVirsuniuRanguotojas</class>
  <method>paruostiLogeri</method>
  <thread>1</thread>
  <message>Logeris sėkmingai paruoštas darbui.</message>
</record>
<record>
  <date>2013-12-03T13:50:39</date>
  <millis>1386071439529</millis>
  <sequence>1</sequence>
  <logger>grafovirsuniuranguotojas.GrafoVirsuniuRanguotojas</logger>
  <level>INFO</level>
  <class>grafovirsuniuranguotojas.GUI</class>
  <method>paruostiGUI</method>
  <thread>1</thread>
  <message>Ruošiama grafinė sąsaja.</message>
</record>
<record>
  <date>2013-12-03T13:50:39</date>
  <millis>1386071439688</millis>
  <sequence>2</sequence>
  <logger>grafovirsuniuranguotojas.GrafoVirsuniuRanguotojas</logger>
  <level>INFO</level>
  <class>grafovirsuniuranguotojas.GUI</class>
  <method>paruostiGUI</method>
  <thread>1</thread>
  <message>Lango matmenys: 921x520</message>
</record>
<record>
  <date>2013-12-03T13:50:39</date>
  <millis>1386071439949</millis>
  <sequence>3</sequence>
  <logger>grafovirsuniuranguotojas.GrafoVirsuniuRanguotojas</logger>
  <level>INFO</level>
  <class>grafovirsuniuranguotojas.GUI$2</class>
  <method>componentResized</method>
  <thread>13</thread>
  <message>Keičiami lango matmenys į 921x520, meniu aukštis: 21</message>
</record>
<record>
  <date>2013-12-03T13:50:40</date>
  <millis>1386071440071</millis>
  <sequence>4</sequence>
  <logger>grafovirsuniuranguotojas.GrafoVirsuniuRanguotojas</logger>
  <level>INFO</level>
  <class>grafovirsuniuranguotojas.GUI$2</class>
  <method>componentResized</method>
  <thread>13</thread>
  <message>Keičiami lango matmenys į 921x520, meniu aukštis: 21</message>
</record>
<record>
  <date>2013-12-03T13:50:40</date>
  <millis>1386071440077</millis>
  <sequence>5</sequence>
  <logger>grafovirsuniuranguotojas.GrafoVirsuniuRanguotojas</logger>
  <level>INFO</level>
  <class>grafovirsuniuranguotojas.GUI$2</class>
  <method>componentResized</method>
  <thread>13</thread>
  <message>Keičiami lango matmenys į 921x520, meniu aukštis: 21</message>
</record>
<record>
  <date>2013-12-03T13:50:50</date>
  <millis>1386071450839</millis>
  <sequence>6</sequence>
  <logger>grafovirsuniuranguotojas.GrafoVirsuniuRanguotojas</logger>
  <level>WARNING</level>
  <class>grafovirsuniuranguotojas.GrafoPanele$1</class>
  <method>mouseDragged</method>
  <thread>13</thread>
  <message>Bandoma viršūnę nustumti už ribų</message>
</record>
<record>
  <date>2013-12-03T13:50:50</date>
  <millis>1386071450847</millis>
  <sequence>7</sequence>
  <logger>grafovirsuniuranguotojas.GrafoVirsuniuRanguotojas</logger>
  <level>WARNING</level>
  <class>grafovirsuniuranguotojas.GrafoPanele$1</class>
  <method>mouseDragged</method>
  <thread>13</thread>
  <message>Bandoma viršūnę nustumti už ribų</message>
</record>
<record>
  <date>2013-12-03T13:50:50</date>
  <millis>1386071450854</millis>
  <sequence>8</sequence>
  <logger>grafovirsuniuranguotojas.GrafoVirsuniuRanguotojas</logger>
  <level>WARNING</level>
  <class>grafovirsuniuranguotojas.GrafoPanele$1</class>
  <method>mouseDragged</method>
  <thread>13</thread>
  <message>Bandoma viršūnę nustumti už ribų</message>
</record>
<record>
  <date>2013-12-03T13:50:50</date>
  <millis>1386071450863</millis>
  <sequence>9</sequence>
  <logger>grafovirsuniuranguotojas.GrafoVirsuniuRanguotojas</logger>
  <level>WARNING</level>
  <class>grafovirsuniuranguotojas.GrafoPanele$1</class>
  <method>mouseDragged</method>
  <thread>13</thread>
  <message>Bandoma viršūnę nustumti už ribų</message>
</record>
<record>
  <date>2013-12-03T13:50:50</date>
  <millis>1386071450870</millis>
  <sequence>10</sequence>
  <logger>grafovirsuniuranguotojas.GrafoVirsuniuRanguotojas</logger>
  <level>WARNING</level>
  <class>grafovirsuniuranguotojas.GrafoPanele$1</class>
  <method>mouseDragged</method>
  <thread>13</thread>
  <message>Bandoma viršūnę nustumti už ribų</message>
</record>
<record>
  <date>2013-12-03T13:50:50</date>
  <millis>1386071450878</millis>
  <sequence>11</sequence>
  <logger>grafovirsuniuranguotojas.GrafoVirsuniuRanguotojas</logger>
  <level>WARNING</level>
  <class>grafovirsuniuranguotojas.GrafoPanele$1</class>
  <method>mouseDragged</method>
  <thread>13</thread>
  <message>Bandoma viršūnę nustumti už ribų</message>
</record>
<record>
  <date>2013-12-03T13:50:50</date>
  <millis>1386071450886</millis>
  <sequence>12</sequence>
  <logger>grafovirsuniuranguotojas.GrafoVirsuniuRanguotojas</logger>
  <level>WARNING</level>
  <class>grafovirsuniuranguotojas.GrafoPanele$1</class>
  <method>mouseDragged</method>
  <thread>13</thread>
  <message>Bandoma viršūnę nustumti už ribų</message>
</record>
<record>
  <date>2013-12-03T13:50:50</date>
  <millis>1386071450894</millis>
  <sequence>13</sequence>
  <logger>grafovirsuniuranguotojas.GrafoVirsuniuRanguotojas</logger>
  <level>WARNING</level>
  <class>grafovirsuniuranguotojas.GrafoPanele$1</class>
  <method>mouseDragged</method>
  <thread>13</thread>
  <message>Bandoma viršūnę nustumti už ribų</message>
</record>
<record>
  <date>2013-12-03T13:50:50</date>
  <millis>1386071450902</millis>
  <sequence>14</sequence>
  <logger>grafovirsuniuranguotojas.GrafoVirsuniuRanguotojas</logger>
  <level>WARNING</level>
  <class>grafovirsuniuranguotojas.GrafoPanele$1</class>
  <method>mouseDragged</method>
  <thread>13</thread>
  <message>Bandoma viršūnę nustumti už ribų</message>
</record>
<record>
  <date>2013-12-03T13:50:50</date>
  <millis>1386071450910</millis>
  <sequence>15</sequence>
  <logger>grafovirsuniuranguotojas.GrafoVirsuniuRanguotojas</logger>
  <level>WARNING</level>
  <class>grafovirsuniuranguotojas.GrafoPanele$1</class>
  <method>mouseDragged</method>
  <thread>13</thread>
  <message>Bandoma viršūnę nustumti už ribų</message>
</record>
<record>
  <date>2013-12-03T13:50:51</date>
  <millis>1386071451183</millis>
  <sequence>16</sequence>
  <logger>grafovirsuniuranguotojas.GrafoVirsuniuRanguotojas</logger>
  <level>WARNING</level>
  <class>grafovirsuniuranguotojas.GrafoPanele$1</class>
  <method>mouseDragged</method>
  <thread>13</thread>
  <message>Bandoma viršūnę nustumti už ribų</message>
</record>
<record>
  <date>2013-12-03T13:50:51</date>
  <millis>1386071451191</millis>
  <sequence>17</sequence>
  <logger>grafovirsuniuranguotojas.GrafoVirsuniuRanguotojas</logger>
  <level>WARNING</level>
  <class>grafovirsuniuranguotojas.GrafoPanele$1</class>
  <method>mouseDragged</method>
  <thread>13</thread>
  <message>Bandoma viršūnę nustumti už ribų</message>
</record>
<record>
  <date>2013-12-03T13:50:51</date>
  <millis>1386071451198</millis>
  <sequence>18</sequence>
  <logger>grafovirsuniuranguotojas.GrafoVirsuniuRanguotojas</logger>
  <level>WARNING</level>
  <class>grafovirsuniuranguotojas.GrafoPanele$1</class>
  <method>mouseDragged</method>
  <thread>13</thread>
  <message>Bandoma viršūnę nustumti už ribų</message>
</record>
<record>
  <date>2013-12-03T13:50:51</date>
  <millis>1386071451206</millis>
  <sequence>19</sequence>
  <logger>grafovirsuniuranguotojas.GrafoVirsuniuRanguotojas</logger>
  <level>WARNING</level>
  <class>grafovirsuniuranguotojas.GrafoPanele$1</class>
  <method>mouseDragged</method>
  <thread>13</thread>
  <message>Bandoma viršūnę nustumti už ribų</message>
</record>
<record>
  <date>2013-12-03T13:50:51</date>
  <millis>1386071451214</millis>
  <sequence>20</sequence>
  <logger>grafovirsuniuranguotojas.GrafoVirsuniuRanguotojas</logger>
  <level>WARNING</level>
  <class>grafovirsuniuranguotojas.GrafoPanele$1</class>
  <method>mouseDragged</method>
  <thread>13</thread>
  <message>Bandoma viršūnę nustumti už ribų</message>
</record>
<record>
  <date>2013-12-03T13:50:51</date>
  <millis>1386071451222</millis>
  <sequence>21</sequence>
  <logger>grafovirsuniuranguotojas.GrafoVirsuniuRanguotojas</logger>
  <level>WARNING</level>
  <class>grafovirsuniuranguotojas.GrafoPanele$1</class>
  <method>mouseDragged</method>
  <thread>13</thread>
  <message>Bandoma viršūnę nustumti už ribų</message>
</record>
<record>
  <date>2013-12-03T13:50:51</date>
  <millis>1386071451230</millis>
  <sequence>22</sequence>
  <logger>grafovirsuniuranguotojas.GrafoVirsuniuRanguotojas</logger>
  <level>WARNING</level>
  <class>grafovirsuniuranguotojas.GrafoPanele$1</class>
  <method>mouseDragged</method>
  <thread>13</thread>
  <message>Bandoma viršūnę nustumti už ribų</message>
</record>
<record>
  <date>2013-12-03T13:50:51</date>
  <millis>1386071451238</millis>
  <sequence>23</sequence>
  <logger>grafovirsuniuranguotojas.GrafoVirsuniuRanguotojas</logger>
  <level>WARNING</level>
  <class>grafovirsuniuranguotojas.GrafoPanele$1</class>
  <method>mouseDragged</method>
  <thread>13</thread>
  <message>Bandoma viršūnę nustumti už ribų</message>
</record>
<record>
  <date>2013-12-03T13:50:51</date>
  <millis>1386071451246</millis>
  <sequence>24</sequence>
  <logger>grafovirsuniuranguotojas.GrafoVirsuniuRanguotojas</logger>
  <level>WARNING</level>
  <class>grafovirsuniuranguotojas.GrafoPanele$1</class>
  <method>mouseDragged</method>
  <thread>13</thread>
  <message>Bandoma viršūnę nustumti už ribų</message>
</record>
<record>
  <date>2013-12-03T13:50:51</date>
  <millis>1386071451254</millis>
  <sequence>25</sequence>
  <logger>grafovirsuniuranguotojas.GrafoVirsuniuRanguotojas</logger>
  <level>WARNING</level>
  <class>grafovirsuniuranguotojas.GrafoPanele$1</class>
  <method>mouseDragged</method>
  <thread>13</thread>
  <message>Bandoma viršūnę nustumti už ribų</message>
</record>
<record>
  <date>2013-12-03T13:50:51</date>
  <millis>1386071451262</millis>
  <sequence>26</sequence>
  <logger>grafovirsuniuranguotojas.GrafoVirsuniuRanguotojas</logger>
  <level>WARNING</level>
  <class>grafovirsuniuranguotojas.GrafoPanele$1</class>
  <method>mouseDragged</method>
  <thread>13</thread>
  <message>Bandoma viršūnę nustumti už ribų</message>
</record>
<record>
  <date>2013-12-03T13:50:51</date>
  <millis>1386071451271</millis>
  <sequence>27</sequence>
  <logger>grafovirsuniuranguotojas.GrafoVirsuniuRanguotojas</logger>
  <level>WARNING</level>
  <class>grafovirsuniuranguotojas.GrafoPanele$1</class>
  <method>mouseDragged</method>
  <thread>13</thread>
  <message>Bandoma viršūnę nustumti už ribų</message>
</record>
<record>
  <date>2013-12-03T13:50:51</date>
  <millis>1386071451278</millis>
  <sequence>28</sequence>
  <logger>grafovirsuniuranguotojas.GrafoVirsuniuRanguotojas</logger>
  <level>WARNING</level>
  <class>grafovirsuniuranguotojas.GrafoPanele$1</class>
  <method>mouseDragged</method>
  <thread>13</thread>
  <message>Bandoma viršūnę nustumti už ribų</message>
</record>
<record>
  <date>2013-12-03T13:50:51</date>
  <millis>1386071451286</millis>
  <sequence>29</sequence>
  <logger>grafovirsuniuranguotojas.GrafoVirsuniuRanguotojas</logger>
  <level>WARNING</level>
  <class>grafovirsuniuranguotojas.GrafoPanele$1</class>
  <method>mouseDragged</method>
  <thread>13</thread>
  <message>Bandoma viršūnę nustumti už ribų</message>
</record>
<record>
  <date>2013-12-03T13:50:51</date>
  <millis>1386071451294</millis>
  <sequence>30</sequence>
  <logger>grafovirsuniuranguotojas.GrafoVirsuniuRanguotojas</logger>
  <level>WARNING</level>
  <class>grafovirsuniuranguotojas.GrafoPanele$1</class>
  <method>mouseDragged</method>
  <thread>13</thread>
  <message>Bandoma viršūnę nustumti už ribų</message>
</record>
<record>
  <date>2013-12-03T13:50:51</date>
  <millis>1386071451302</millis>
  <sequence>31</sequence>
  <logger>grafovirsuniuranguotojas.GrafoVirsuniuRanguotojas</logger>
  <level>WARNING</level>
  <class>grafovirsuniuranguotojas.GrafoPanele$1</class>
  <method>mouseDragged</method>
  <thread>13</thread>
  <message>Bandoma viršūnę nustumti už ribų</message>
</record>
<record>
  <date>2013-12-03T13:50:51</date>
  <millis>1386071451310</millis>
  <sequence>32</sequence>
  <logger>grafovirsuniuranguotojas.GrafoVirsuniuRanguotojas</logger>
  <level>WARNING</level>
  <class>grafovirsuniuranguotojas.GrafoPanele$1</class>
  <method>mouseDragged</method>
  <thread>13</thread>
  <message>Bandoma viršūnę nustumti už ribų</message>
</record>
<record>
  <date>2013-12-03T13:50:51</date>
  <millis>1386071451318</millis>
  <sequence>33</sequence>
  <logger>grafovirsuniuranguotojas.GrafoVirsuniuRanguotojas</logger>
  <level>WARNING</level>
  <class>grafovirsuniuranguotojas.GrafoPanele$1</class>
  <method>mouseDragged</method>
  <thread>13</thread>
  <message>Bandoma viršūnę nustumti už ribų</message>
</record>
<record>
  <date>2013-12-03T13:50:51</date>
  <millis>1386071451327</millis>
  <sequence>34</sequence>
  <logger>grafovirsuniuranguotojas.GrafoVirsuniuRanguotojas</logger>
  <level>WARNING</level>
  <class>grafovirsuniuranguotojas.GrafoPanele$1</class>
  <method>mouseDragged</method>
  <thread>13</thread>
  <message>Bandoma viršūnę nustumti už ribų</message>
</record>
</log>
