<?xml version="1.0" encoding="UTF-8" standalone="no"?>
<!DOCTYPE log SYSTEM "logger.dtd">
<log>
<record>
  <date>2013-12-01T20:39:15</date>
  <millis>1385923155860</millis>
  <sequence>0</sequence>
  <logger>grafovirsuniuranguotojas.GrafoVirsuniuRanguotojas</logger>
  <level>INFO</level>
  <class>grafovirsuniuranguotojas.GrafoVirsuniuRanguotojas</class>
  <method>paruostiLogeri</method>
  <thread>1</thread>
  <message>Logeris sėkmingai paruoštas darbui.</message>
</record>
<record>
  <date>2013-12-01T20:39:15</date>
  <millis>1385923155873</millis>
  <sequence>1</sequence>
  <logger>grafovirsuniuranguotojas.GrafoVirsuniuRanguotojas</logger>
  <level>INFO</level>
  <class>grafovirsuniuranguotojas.GUI</class>
  <method>paruostiGUI</method>
  <thread>1</thread>
  <message>Ruošiama grafinė sąsaja.</message>
</record>
<record>
  <date>2013-12-01T20:39:15</date>
  <millis>1385923155984</millis>
  <sequence>2</sequence>
  <logger>grafovirsuniuranguotojas.GrafoVirsuniuRanguotojas</logger>
  <level>INFO</level>
  <class>grafovirsuniuranguotojas.GUI</class>
  <method>paruostiGUI</method>
  <thread>1</thread>
  <message>Lango matmenys: 921x520</message>
</record>
<record>
  <date>2013-12-01T20:39:16</date>
  <millis>1385923156123</millis>
  <sequence>3</sequence>
  <logger>grafovirsuniuranguotojas.GrafoVirsuniuRanguotojas</logger>
  <level>INFO</level>
  <class>grafovirsuniuranguotojas.GUI$2</class>
  <method>componentResized</method>
  <thread>13</thread>
  <message>Keičiami lango matmenys į 911x490, meniu aukštis: 21</message>
</record>
<record>
  <date>2013-12-01T20:39:16</date>
  <millis>1385923156154</millis>
  <sequence>4</sequence>
  <logger>grafovirsuniuranguotojas.GrafoVirsuniuRanguotojas</logger>
  <level>INFO</level>
  <class>grafovirsuniuranguotojas.GUI$2</class>
  <method>componentResized</method>
  <thread>13</thread>
  <message>Keičiami lango matmenys į 921x520, meniu aukštis: 21</message>
</record>
<record>
  <date>2013-12-01T20:39:16</date>
  <millis>1385923156234</millis>
  <sequence>5</sequence>
  <logger>grafovirsuniuranguotojas.GrafoVirsuniuRanguotojas</logger>
  <level>INFO</level>
  <class>grafovirsuniuranguotojas.GUI$2</class>
  <method>componentResized</method>
  <thread>13</thread>
  <message>Keičiami lango matmenys į 921x520, meniu aukštis: 21</message>
</record>
<record>
  <date>2013-12-01T20:39:19</date>
  <millis>1385923159992</millis>
  <sequence>6</sequence>
  <logger>grafovirsuniuranguotojas.GrafoVirsuniuRanguotojas</logger>
  <level>WARNING</level>
  <class>grafovirsuniuranguotojas.GrafoPanele$1</class>
  <method>mouseDragged</method>
  <thread>13</thread>
  <message>Bandoma viršūnę uždėti ant kitos viršūnės</message>
</record>
<record>
  <date>2013-12-01T20:39:20</date>
  <millis>1385923160000</millis>
  <sequence>7</sequence>
  <logger>grafovirsuniuranguotojas.GrafoVirsuniuRanguotojas</logger>
  <level>WARNING</level>
  <class>grafovirsuniuranguotojas.GrafoPanele$1</class>
  <method>mouseDragged</method>
  <thread>13</thread>
  <message>Bandoma viršūnę uždėti ant kitos viršūnės</message>
</record>
<record>
  <date>2013-12-01T20:39:20</date>
  <millis>1385923160008</millis>
  <sequence>8</sequence>
  <logger>grafovirsuniuranguotojas.GrafoVirsuniuRanguotojas</logger>
  <level>WARNING</level>
  <class>grafovirsuniuranguotojas.GrafoPanele$1</class>
  <method>mouseDragged</method>
  <thread>13</thread>
  <message>Bandoma viršūnę uždėti ant kitos viršūnės</message>
</record>
<record>
  <date>2013-12-01T20:39:20</date>
  <millis>1385923160016</millis>
  <sequence>9</sequence>
  <logger>grafovirsuniuranguotojas.GrafoVirsuniuRanguotojas</logger>
  <level>WARNING</level>
  <class>grafovirsuniuranguotojas.GrafoPanele$1</class>
  <method>mouseDragged</method>
  <thread>13</thread>
  <message>Bandoma viršūnę uždėti ant kitos viršūnės</message>
</record>
<record>
  <date>2013-12-01T20:39:20</date>
  <millis>1385923160024</millis>
  <sequence>10</sequence>
  <logger>grafovirsuniuranguotojas.GrafoVirsuniuRanguotojas</logger>
  <level>WARNING</level>
  <class>grafovirsuniuranguotojas.GrafoPanele$1</class>
  <method>mouseDragged</method>
  <thread>13</thread>
  <message>Bandoma viršūnę uždėti ant kitos viršūnės</message>
</record>
<record>
  <date>2013-12-01T20:39:20</date>
  <millis>1385923160032</millis>
  <sequence>11</sequence>
  <logger>grafovirsuniuranguotojas.GrafoVirsuniuRanguotojas</logger>
  <level>WARNING</level>
  <class>grafovirsuniuranguotojas.GrafoPanele$1</class>
  <method>mouseDragged</method>
  <thread>13</thread>
  <message>Bandoma viršūnę uždėti ant kitos viršūnės</message>
</record>
<record>
  <date>2013-12-01T20:39:22</date>
  <millis>1385923162976</millis>
  <sequence>12</sequence>
  <logger>grafovirsuniuranguotojas.GrafoVirsuniuRanguotojas</logger>
  <level>WARNING</level>
  <class>grafovirsuniuranguotojas.GrafoPanele$1</class>
  <method>mouseDragged</method>
  <thread>13</thread>
  <message>Bandoma viršūnę uždėti ant kitos viršūnės</message>
</record>
<record>
  <date>2013-12-01T20:39:22</date>
  <millis>1385923162984</millis>
  <sequence>13</sequence>
  <logger>grafovirsuniuranguotojas.GrafoVirsuniuRanguotojas</logger>
  <level>WARNING</level>
  <class>grafovirsuniuranguotojas.GrafoPanele$1</class>
  <method>mouseDragged</method>
  <thread>13</thread>
  <message>Bandoma viršūnę uždėti ant kitos viršūnės</message>
</record>
<record>
  <date>2013-12-01T20:39:22</date>
  <millis>1385923162992</millis>
  <sequence>14</sequence>
  <logger>grafovirsuniuranguotojas.GrafoVirsuniuRanguotojas</logger>
  <level>WARNING</level>
  <class>grafovirsuniuranguotojas.GrafoPanele$1</class>
  <method>mouseDragged</method>
  <thread>13</thread>
  <message>Bandoma viršūnę uždėti ant kitos viršūnės</message>
</record>
<record>
  <date>2013-12-01T20:39:23</date>
  <millis>1385923163000</millis>
  <sequence>15</sequence>
  <logger>grafovirsuniuranguotojas.GrafoVirsuniuRanguotojas</logger>
  <level>WARNING</level>
  <class>grafovirsuniuranguotojas.GrafoPanele$1</class>
  <method>mouseDragged</method>
  <thread>13</thread>
  <message>Bandoma viršūnę uždėti ant kitos viršūnės</message>
</record>
<record>
  <date>2013-12-01T20:39:23</date>
  <millis>1385923163008</millis>
  <sequence>16</sequence>
  <logger>grafovirsuniuranguotojas.GrafoVirsuniuRanguotojas</logger>
  <level>WARNING</level>
  <class>grafovirsuniuranguotojas.GrafoPanele$1</class>
  <method>mouseDragged</method>
  <thread>13</thread>
  <message>Bandoma viršūnę uždėti ant kitos viršūnės</message>
</record>
<record>
  <date>2013-12-01T20:39:27</date>
  <millis>1385923167832</millis>
  <sequence>17</sequence>
  <logger>grafovirsuniuranguotojas.GrafoVirsuniuRanguotojas</logger>
  <level>WARNING</level>
  <class>grafovirsuniuranguotojas.GrafoPanele$1</class>
  <method>mouseDragged</method>
  <thread>13</thread>
  <message>Bandoma viršūnę uždėti ant kitos viršūnės</message>
</record>
<record>
  <date>2013-12-01T20:39:27</date>
  <millis>1385923167840</millis>
  <sequence>18</sequence>
  <logger>grafovirsuniuranguotojas.GrafoVirsuniuRanguotojas</logger>
  <level>WARNING</level>
  <class>grafovirsuniuranguotojas.GrafoPanele$1</class>
  <method>mouseDragged</method>
  <thread>13</thread>
  <message>Bandoma viršūnę uždėti ant kitos viršūnės</message>
</record>
<record>
  <date>2013-12-01T20:39:27</date>
  <millis>1385923167848</millis>
  <sequence>19</sequence>
  <logger>grafovirsuniuranguotojas.GrafoVirsuniuRanguotojas</logger>
  <level>WARNING</level>
  <class>grafovirsuniuranguotojas.GrafoPanele$1</class>
  <method>mouseDragged</method>
  <thread>13</thread>
  <message>Bandoma viršūnę uždėti ant kitos viršūnės</message>
</record>
<record>
  <date>2013-12-01T20:39:27</date>
  <millis>1385923167856</millis>
  <sequence>20</sequence>
  <logger>grafovirsuniuranguotojas.GrafoVirsuniuRanguotojas</logger>
  <level>WARNING</level>
  <class>grafovirsuniuranguotojas.GrafoPanele$1</class>
  <method>mouseDragged</method>
  <thread>13</thread>
  <message>Bandoma viršūnę uždėti ant kitos viršūnės</message>
</record>
</log>
