<?xml version="1.0" encoding="UTF-8" standalone="no"?>
<!DOCTYPE log SYSTEM "logger.dtd">
<log>
<record>
  <date>2013-12-01T22:37:20</date>
  <millis>1385930240988</millis>
  <sequence>0</sequence>
  <logger>grafovirsuniuranguotojas.GrafoVirsuniuRanguotojas</logger>
  <level>INFO</level>
  <class>grafovirsuniuranguotojas.GrafoVirsuniuRanguotojas</class>
  <method>paruostiLogeri</method>
  <thread>1</thread>
  <message>Logeris sėkmingai paruoštas darbui.</message>
</record>
<record>
  <date>2013-12-01T22:37:21</date>
  <millis>1385930241000</millis>
  <sequence>1</sequence>
  <logger>grafovirsuniuranguotojas.GrafoVirsuniuRanguotojas</logger>
  <level>INFO</level>
  <class>grafovirsuniuranguotojas.GUI</class>
  <method>paruostiGUI</method>
  <thread>1</thread>
  <message>Ruošiama grafinė sąsaja.</message>
</record>
<record>
  <date>2013-12-01T22:37:21</date>
  <millis>1385930241113</millis>
  <sequence>2</sequence>
  <logger>grafovirsuniuranguotojas.GrafoVirsuniuRanguotojas</logger>
  <level>INFO</level>
  <class>grafovirsuniuranguotojas.GUI</class>
  <method>paruostiGUI</method>
  <thread>1</thread>
  <message>Lango matmenys: 921x520</message>
</record>
<record>
  <date>2013-12-01T22:37:21</date>
  <millis>1385930241276</millis>
  <sequence>3</sequence>
  <logger>grafovirsuniuranguotojas.GrafoVirsuniuRanguotojas</logger>
  <level>INFO</level>
  <class>grafovirsuniuranguotojas.GUI$2</class>
  <method>componentResized</method>
  <thread>13</thread>
  <message>Keičiami lango matmenys į 911x490, meniu aukštis: 21</message>
</record>
<record>
  <date>2013-12-01T22:37:21</date>
  <millis>1385930241321</millis>
  <sequence>4</sequence>
  <logger>grafovirsuniuranguotojas.GrafoVirsuniuRanguotojas</logger>
  <level>INFO</level>
  <class>grafovirsuniuranguotojas.GUI$2</class>
  <method>componentResized</method>
  <thread>13</thread>
  <message>Keičiami lango matmenys į 921x520, meniu aukštis: 21</message>
</record>
<record>
  <date>2013-12-01T22:37:21</date>
  <millis>1385930241373</millis>
  <sequence>5</sequence>
  <logger>grafovirsuniuranguotojas.GrafoVirsuniuRanguotojas</logger>
  <level>INFO</level>
  <class>grafovirsuniuranguotojas.GUI$2</class>
  <method>componentResized</method>
  <thread>13</thread>
  <message>Keičiami lango matmenys į 921x520, meniu aukštis: 21</message>
</record>
<record>
  <date>2013-12-01T22:37:26</date>
  <millis>1385930246666</millis>
  <sequence>6</sequence>
  <logger>grafovirsuniuranguotojas.GrafoVirsuniuRanguotojas</logger>
  <level>WARNING</level>
  <class>grafovirsuniuranguotojas.GrafoPanele$1</class>
  <method>mouseDragged</method>
  <thread>13</thread>
  <message>Bandoma viršūnę nustumti už ribų</message>
</record>
<record>
  <date>2013-12-01T22:37:26</date>
  <millis>1385930246674</millis>
  <sequence>7</sequence>
  <logger>grafovirsuniuranguotojas.GrafoVirsuniuRanguotojas</logger>
  <level>WARNING</level>
  <class>grafovirsuniuranguotojas.GrafoPanele$1</class>
  <method>mouseDragged</method>
  <thread>13</thread>
  <message>Bandoma viršūnę nustumti už ribų</message>
</record>
<record>
  <date>2013-12-01T22:37:26</date>
  <millis>1385930246682</millis>
  <sequence>8</sequence>
  <logger>grafovirsuniuranguotojas.GrafoVirsuniuRanguotojas</logger>
  <level>WARNING</level>
  <class>grafovirsuniuranguotojas.GrafoPanele$1</class>
  <method>mouseDragged</method>
  <thread>13</thread>
  <message>Bandoma viršūnę nustumti už ribų</message>
</record>
<record>
  <date>2013-12-01T22:37:26</date>
  <millis>1385930246690</millis>
  <sequence>9</sequence>
  <logger>grafovirsuniuranguotojas.GrafoVirsuniuRanguotojas</logger>
  <level>WARNING</level>
  <class>grafovirsuniuranguotojas.GrafoPanele$1</class>
  <method>mouseDragged</method>
  <thread>13</thread>
  <message>Bandoma viršūnę nustumti už ribų</message>
</record>
<record>
  <date>2013-12-01T22:37:26</date>
  <millis>1385930246698</millis>
  <sequence>10</sequence>
  <logger>grafovirsuniuranguotojas.GrafoVirsuniuRanguotojas</logger>
  <level>WARNING</level>
  <class>grafovirsuniuranguotojas.GrafoPanele$1</class>
  <method>mouseDragged</method>
  <thread>13</thread>
  <message>Bandoma viršūnę nustumti už ribų</message>
</record>
<record>
  <date>2013-12-01T22:37:26</date>
  <millis>1385930246706</millis>
  <sequence>11</sequence>
  <logger>grafovirsuniuranguotojas.GrafoVirsuniuRanguotojas</logger>
  <level>WARNING</level>
  <class>grafovirsuniuranguotojas.GrafoPanele$1</class>
  <method>mouseDragged</method>
  <thread>13</thread>
  <message>Bandoma viršūnę nustumti už ribų</message>
</record>
<record>
  <date>2013-12-01T22:37:26</date>
  <millis>1385930246714</millis>
  <sequence>12</sequence>
  <logger>grafovirsuniuranguotojas.GrafoVirsuniuRanguotojas</logger>
  <level>WARNING</level>
  <class>grafovirsuniuranguotojas.GrafoPanele$1</class>
  <method>mouseDragged</method>
  <thread>13</thread>
  <message>Bandoma viršūnę nustumti už ribų</message>
</record>
<record>
  <date>2013-12-01T22:37:26</date>
  <millis>1385930246722</millis>
  <sequence>13</sequence>
  <logger>grafovirsuniuranguotojas.GrafoVirsuniuRanguotojas</logger>
  <level>WARNING</level>
  <class>grafovirsuniuranguotojas.GrafoPanele$1</class>
  <method>mouseDragged</method>
  <thread>13</thread>
  <message>Bandoma viršūnę nustumti už ribų</message>
</record>
<record>
  <date>2013-12-01T22:37:26</date>
  <millis>1385930246730</millis>
  <sequence>14</sequence>
  <logger>grafovirsuniuranguotojas.GrafoVirsuniuRanguotojas</logger>
  <level>WARNING</level>
  <class>grafovirsuniuranguotojas.GrafoPanele$1</class>
  <method>mouseDragged</method>
  <thread>13</thread>
  <message>Bandoma viršūnę nustumti už ribų</message>
</record>
<record>
  <date>2013-12-01T22:37:26</date>
  <millis>1385930246738</millis>
  <sequence>15</sequence>
  <logger>grafovirsuniuranguotojas.GrafoVirsuniuRanguotojas</logger>
  <level>WARNING</level>
  <class>grafovirsuniuranguotojas.GrafoPanele$1</class>
  <method>mouseDragged</method>
  <thread>13</thread>
  <message>Bandoma viršūnę nustumti už ribų</message>
</record>
<record>
  <date>2013-12-01T22:37:26</date>
  <millis>1385930246746</millis>
  <sequence>16</sequence>
  <logger>grafovirsuniuranguotojas.GrafoVirsuniuRanguotojas</logger>
  <level>WARNING</level>
  <class>grafovirsuniuranguotojas.GrafoPanele$1</class>
  <method>mouseDragged</method>
  <thread>13</thread>
  <message>Bandoma viršūnę nustumti už ribų</message>
</record>
<record>
  <date>2013-12-01T22:37:26</date>
  <millis>1385930246754</millis>
  <sequence>17</sequence>
  <logger>grafovirsuniuranguotojas.GrafoVirsuniuRanguotojas</logger>
  <level>WARNING</level>
  <class>grafovirsuniuranguotojas.GrafoPanele$1</class>
  <method>mouseDragged</method>
  <thread>13</thread>
  <message>Bandoma viršūnę nustumti už ribų</message>
</record>
<record>
  <date>2013-12-01T22:37:26</date>
  <millis>1385930246770</millis>
  <sequence>18</sequence>
  <logger>grafovirsuniuranguotojas.GrafoVirsuniuRanguotojas</logger>
  <level>WARNING</level>
  <class>grafovirsuniuranguotojas.GrafoPanele$1</class>
  <method>mouseDragged</method>
  <thread>13</thread>
  <message>Bandoma viršūnę nustumti už ribų</message>
</record>
<record>
  <date>2013-12-01T22:37:26</date>
  <millis>1385930246778</millis>
  <sequence>19</sequence>
  <logger>grafovirsuniuranguotojas.GrafoVirsuniuRanguotojas</logger>
  <level>WARNING</level>
  <class>grafovirsuniuranguotojas.GrafoPanele$1</class>
  <method>mouseDragged</method>
  <thread>13</thread>
  <message>Bandoma viršūnę nustumti už ribų</message>
</record>
<record>
  <date>2013-12-01T22:37:27</date>
  <millis>1385930247218</millis>
  <sequence>20</sequence>
  <logger>grafovirsuniuranguotojas.GrafoVirsuniuRanguotojas</logger>
  <level>WARNING</level>
  <class>grafovirsuniuranguotojas.GrafoPanele$1</class>
  <method>mouseDragged</method>
  <thread>13</thread>
  <message>Bandoma viršūnę nustumti už ribų</message>
</record>
<record>
  <date>2013-12-01T22:37:27</date>
  <millis>1385930247233</millis>
  <sequence>21</sequence>
  <logger>grafovirsuniuranguotojas.GrafoVirsuniuRanguotojas</logger>
  <level>WARNING</level>
  <class>grafovirsuniuranguotojas.GrafoPanele$1</class>
  <method>mouseDragged</method>
  <thread>13</thread>
  <message>Bandoma viršūnę nustumti už ribų</message>
</record>
<record>
  <date>2013-12-01T22:37:27</date>
  <millis>1385930247241</millis>
  <sequence>22</sequence>
  <logger>grafovirsuniuranguotojas.GrafoVirsuniuRanguotojas</logger>
  <level>WARNING</level>
  <class>grafovirsuniuranguotojas.GrafoPanele$1</class>
  <method>mouseDragged</method>
  <thread>13</thread>
  <message>Bandoma viršūnę nustumti už ribų</message>
</record>
<record>
  <date>2013-12-01T22:37:27</date>
  <millis>1385930247266</millis>
  <sequence>23</sequence>
  <logger>grafovirsuniuranguotojas.GrafoVirsuniuRanguotojas</logger>
  <level>WARNING</level>
  <class>grafovirsuniuranguotojas.GrafoPanele$1</class>
  <method>mouseDragged</method>
  <thread>13</thread>
  <message>Bandoma viršūnę nustumti už ribų</message>
</record>
<record>
  <date>2013-12-01T22:37:28</date>
  <millis>1385930248074</millis>
  <sequence>24</sequence>
  <logger>grafovirsuniuranguotojas.GrafoVirsuniuRanguotojas</logger>
  <level>WARNING</level>
  <class>grafovirsuniuranguotojas.GrafoPanele$1</class>
  <method>mouseDragged</method>
  <thread>13</thread>
  <message>Bandoma viršūnę nustumti už ribų</message>
</record>
<record>
  <date>2013-12-01T22:37:28</date>
  <millis>1385930248082</millis>
  <sequence>25</sequence>
  <logger>grafovirsuniuranguotojas.GrafoVirsuniuRanguotojas</logger>
  <level>WARNING</level>
  <class>grafovirsuniuranguotojas.GrafoPanele$1</class>
  <method>mouseDragged</method>
  <thread>13</thread>
  <message>Bandoma viršūnę nustumti už ribų</message>
</record>
<record>
  <date>2013-12-01T22:37:28</date>
  <millis>1385930248090</millis>
  <sequence>26</sequence>
  <logger>grafovirsuniuranguotojas.GrafoVirsuniuRanguotojas</logger>
  <level>WARNING</level>
  <class>grafovirsuniuranguotojas.GrafoPanele$1</class>
  <method>mouseDragged</method>
  <thread>13</thread>
  <message>Bandoma viršūnę nustumti už ribų</message>
</record>
<record>
  <date>2013-12-01T22:37:28</date>
  <millis>1385930248098</millis>
  <sequence>27</sequence>
  <logger>grafovirsuniuranguotojas.GrafoVirsuniuRanguotojas</logger>
  <level>WARNING</level>
  <class>grafovirsuniuranguotojas.GrafoPanele$1</class>
  <method>mouseDragged</method>
  <thread>13</thread>
  <message>Bandoma viršūnę nustumti už ribų</message>
</record>
<record>
  <date>2013-12-01T22:37:28</date>
  <millis>1385930248106</millis>
  <sequence>28</sequence>
  <logger>grafovirsuniuranguotojas.GrafoVirsuniuRanguotojas</logger>
  <level>WARNING</level>
  <class>grafovirsuniuranguotojas.GrafoPanele$1</class>
  <method>mouseDragged</method>
  <thread>13</thread>
  <message>Bandoma viršūnę nustumti už ribų</message>
</record>
<record>
  <date>2013-12-01T22:37:28</date>
  <millis>1385930248113</millis>
  <sequence>29</sequence>
  <logger>grafovirsuniuranguotojas.GrafoVirsuniuRanguotojas</logger>
  <level>WARNING</level>
  <class>grafovirsuniuranguotojas.GrafoPanele$1</class>
  <method>mouseDragged</method>
  <thread>13</thread>
  <message>Bandoma viršūnę nustumti už ribų</message>
</record>
<record>
  <date>2013-12-01T22:37:28</date>
  <millis>1385930248121</millis>
  <sequence>30</sequence>
  <logger>grafovirsuniuranguotojas.GrafoVirsuniuRanguotojas</logger>
  <level>WARNING</level>
  <class>grafovirsuniuranguotojas.GrafoPanele$1</class>
  <method>mouseDragged</method>
  <thread>13</thread>
  <message>Bandoma viršūnę nustumti už ribų</message>
</record>
<record>
  <date>2013-12-01T22:37:28</date>
  <millis>1385930248137</millis>
  <sequence>31</sequence>
  <logger>grafovirsuniuranguotojas.GrafoVirsuniuRanguotojas</logger>
  <level>WARNING</level>
  <class>grafovirsuniuranguotojas.GrafoPanele$1</class>
  <method>mouseDragged</method>
  <thread>13</thread>
  <message>Bandoma viršūnę nustumti už ribų</message>
</record>
<record>
  <date>2013-12-01T22:37:28</date>
  <millis>1385930248145</millis>
  <sequence>32</sequence>
  <logger>grafovirsuniuranguotojas.GrafoVirsuniuRanguotojas</logger>
  <level>WARNING</level>
  <class>grafovirsuniuranguotojas.GrafoPanele$1</class>
  <method>mouseDragged</method>
  <thread>13</thread>
  <message>Bandoma viršūnę nustumti už ribų</message>
</record>
<record>
  <date>2013-12-01T22:37:28</date>
  <millis>1385930248154</millis>
  <sequence>33</sequence>
  <logger>grafovirsuniuranguotojas.GrafoVirsuniuRanguotojas</logger>
  <level>WARNING</level>
  <class>grafovirsuniuranguotojas.GrafoPanele$1</class>
  <method>mouseDragged</method>
  <thread>13</thread>
  <message>Bandoma viršūnę nustumti už ribų</message>
</record>
<record>
  <date>2013-12-01T22:37:28</date>
  <millis>1385930248170</millis>
  <sequence>34</sequence>
  <logger>grafovirsuniuranguotojas.GrafoVirsuniuRanguotojas</logger>
  <level>WARNING</level>
  <class>grafovirsuniuranguotojas.GrafoPanele$1</class>
  <method>mouseDragged</method>
  <thread>13</thread>
  <message>Bandoma viršūnę nustumti už ribų</message>
</record>
<record>
  <date>2013-12-01T22:37:28</date>
  <millis>1385930248178</millis>
  <sequence>35</sequence>
  <logger>grafovirsuniuranguotojas.GrafoVirsuniuRanguotojas</logger>
  <level>WARNING</level>
  <class>grafovirsuniuranguotojas.GrafoPanele$1</class>
  <method>mouseDragged</method>
  <thread>13</thread>
  <message>Bandoma viršūnę nustumti už ribų</message>
</record>
<record>
  <date>2013-12-01T22:37:28</date>
  <millis>1385930248202</millis>
  <sequence>36</sequence>
  <logger>grafovirsuniuranguotojas.GrafoVirsuniuRanguotojas</logger>
  <level>WARNING</level>
  <class>grafovirsuniuranguotojas.GrafoPanele$1</class>
  <method>mouseDragged</method>
  <thread>13</thread>
  <message>Bandoma viršūnę nustumti už ribų</message>
</record>
<record>
  <date>2013-12-01T22:37:28</date>
  <millis>1385930248210</millis>
  <sequence>37</sequence>
  <logger>grafovirsuniuranguotojas.GrafoVirsuniuRanguotojas</logger>
  <level>WARNING</level>
  <class>grafovirsuniuranguotojas.GrafoPanele$1</class>
  <method>mouseDragged</method>
  <thread>13</thread>
  <message>Bandoma viršūnę nustumti už ribų</message>
</record>
<record>
  <date>2013-12-01T22:37:28</date>
  <millis>1385930248218</millis>
  <sequence>38</sequence>
  <logger>grafovirsuniuranguotojas.GrafoVirsuniuRanguotojas</logger>
  <level>WARNING</level>
  <class>grafovirsuniuranguotojas.GrafoPanele$1</class>
  <method>mouseDragged</method>
  <thread>13</thread>
  <message>Bandoma viršūnę nustumti už ribų</message>
</record>
<record>
  <date>2013-12-01T22:37:28</date>
  <millis>1385930248226</millis>
  <sequence>39</sequence>
  <logger>grafovirsuniuranguotojas.GrafoVirsuniuRanguotojas</logger>
  <level>WARNING</level>
  <class>grafovirsuniuranguotojas.GrafoPanele$1</class>
  <method>mouseDragged</method>
  <thread>13</thread>
  <message>Bandoma viršūnę nustumti už ribų</message>
</record>
<record>
  <date>2013-12-01T22:37:28</date>
  <millis>1385930248234</millis>
  <sequence>40</sequence>
  <logger>grafovirsuniuranguotojas.GrafoVirsuniuRanguotojas</logger>
  <level>WARNING</level>
  <class>grafovirsuniuranguotojas.GrafoPanele$1</class>
  <method>mouseDragged</method>
  <thread>13</thread>
  <message>Bandoma viršūnę nustumti už ribų</message>
</record>
<record>
  <date>2013-12-01T22:37:28</date>
  <millis>1385930248241</millis>
  <sequence>41</sequence>
  <logger>grafovirsuniuranguotojas.GrafoVirsuniuRanguotojas</logger>
  <level>WARNING</level>
  <class>grafovirsuniuranguotojas.GrafoPanele$1</class>
  <method>mouseDragged</method>
  <thread>13</thread>
  <message>Bandoma viršūnę nustumti už ribų</message>
</record>
<record>
  <date>2013-12-01T22:37:28</date>
  <millis>1385930248250</millis>
  <sequence>42</sequence>
  <logger>grafovirsuniuranguotojas.GrafoVirsuniuRanguotojas</logger>
  <level>WARNING</level>
  <class>grafovirsuniuranguotojas.GrafoPanele$1</class>
  <method>mouseDragged</method>
  <thread>13</thread>
  <message>Bandoma viršūnę nustumti už ribų</message>
</record>
<record>
  <date>2013-12-01T22:37:28</date>
  <millis>1385930248258</millis>
  <sequence>43</sequence>
  <logger>grafovirsuniuranguotojas.GrafoVirsuniuRanguotojas</logger>
  <level>WARNING</level>
  <class>grafovirsuniuranguotojas.GrafoPanele$1</class>
  <method>mouseDragged</method>
  <thread>13</thread>
  <message>Bandoma viršūnę nustumti už ribų</message>
</record>
<record>
  <date>2013-12-01T22:37:28</date>
  <millis>1385930248265</millis>
  <sequence>44</sequence>
  <logger>grafovirsuniuranguotojas.GrafoVirsuniuRanguotojas</logger>
  <level>WARNING</level>
  <class>grafovirsuniuranguotojas.GrafoPanele$1</class>
  <method>mouseDragged</method>
  <thread>13</thread>
  <message>Bandoma viršūnę nustumti už ribų</message>
</record>
<record>
  <date>2013-12-01T22:37:28</date>
  <millis>1385930248274</millis>
  <sequence>45</sequence>
  <logger>grafovirsuniuranguotojas.GrafoVirsuniuRanguotojas</logger>
  <level>WARNING</level>
  <class>grafovirsuniuranguotojas.GrafoPanele$1</class>
  <method>mouseDragged</method>
  <thread>13</thread>
  <message>Bandoma viršūnę nustumti už ribų</message>
</record>
<record>
  <date>2013-12-01T22:37:28</date>
  <millis>1385930248281</millis>
  <sequence>46</sequence>
  <logger>grafovirsuniuranguotojas.GrafoVirsuniuRanguotojas</logger>
  <level>WARNING</level>
  <class>grafovirsuniuranguotojas.GrafoPanele$1</class>
  <method>mouseDragged</method>
  <thread>13</thread>
  <message>Bandoma viršūnę nustumti už ribų</message>
</record>
<record>
  <date>2013-12-01T22:37:28</date>
  <millis>1385930248289</millis>
  <sequence>47</sequence>
  <logger>grafovirsuniuranguotojas.GrafoVirsuniuRanguotojas</logger>
  <level>WARNING</level>
  <class>grafovirsuniuranguotojas.GrafoPanele$1</class>
  <method>mouseDragged</method>
  <thread>13</thread>
  <message>Bandoma viršūnę nustumti už ribų</message>
</record>
<record>
  <date>2013-12-01T22:37:28</date>
  <millis>1385930248297</millis>
  <sequence>48</sequence>
  <logger>grafovirsuniuranguotojas.GrafoVirsuniuRanguotojas</logger>
  <level>WARNING</level>
  <class>grafovirsuniuranguotojas.GrafoPanele$1</class>
  <method>mouseDragged</method>
  <thread>13</thread>
  <message>Bandoma viršūnę nustumti už ribų</message>
</record>
<record>
  <date>2013-12-01T22:37:28</date>
  <millis>1385930248306</millis>
  <sequence>49</sequence>
  <logger>grafovirsuniuranguotojas.GrafoVirsuniuRanguotojas</logger>
  <level>WARNING</level>
  <class>grafovirsuniuranguotojas.GrafoPanele$1</class>
  <method>mouseDragged</method>
  <thread>13</thread>
  <message>Bandoma viršūnę nustumti už ribų</message>
</record>
<record>
  <date>2013-12-01T22:37:28</date>
  <millis>1385930248313</millis>
  <sequence>50</sequence>
  <logger>grafovirsuniuranguotojas.GrafoVirsuniuRanguotojas</logger>
  <level>WARNING</level>
  <class>grafovirsuniuranguotojas.GrafoPanele$1</class>
  <method>mouseDragged</method>
  <thread>13</thread>
  <message>Bandoma viršūnę nustumti už ribų</message>
</record>
<record>
  <date>2013-12-01T22:37:28</date>
  <millis>1385930248323</millis>
  <sequence>51</sequence>
  <logger>grafovirsuniuranguotojas.GrafoVirsuniuRanguotojas</logger>
  <level>WARNING</level>
  <class>grafovirsuniuranguotojas.GrafoPanele$1</class>
  <method>mouseDragged</method>
  <thread>13</thread>
  <message>Bandoma viršūnę nustumti už ribų</message>
</record>
<record>
  <date>2013-12-01T22:37:28</date>
  <millis>1385930248329</millis>
  <sequence>52</sequence>
  <logger>grafovirsuniuranguotojas.GrafoVirsuniuRanguotojas</logger>
  <level>WARNING</level>
  <class>grafovirsuniuranguotojas.GrafoPanele$1</class>
  <method>mouseDragged</method>
  <thread>13</thread>
  <message>Bandoma viršūnę nustumti už ribų</message>
</record>
<record>
  <date>2013-12-01T22:37:28</date>
  <millis>1385930248337</millis>
  <sequence>53</sequence>
  <logger>grafovirsuniuranguotojas.GrafoVirsuniuRanguotojas</logger>
  <level>WARNING</level>
  <class>grafovirsuniuranguotojas.GrafoPanele$1</class>
  <method>mouseDragged</method>
  <thread>13</thread>
  <message>Bandoma viršūnę nustumti už ribų</message>
</record>
<record>
  <date>2013-12-01T22:37:28</date>
  <millis>1385930248394</millis>
  <sequence>54</sequence>
  <logger>grafovirsuniuranguotojas.GrafoVirsuniuRanguotojas</logger>
  <level>WARNING</level>
  <class>grafovirsuniuranguotojas.GrafoPanele$1</class>
  <method>mouseDragged</method>
  <thread>13</thread>
  <message>Bandoma viršūnę nustumti už ribų</message>
</record>
<record>
  <date>2013-12-01T22:37:28</date>
  <millis>1385930248418</millis>
  <sequence>55</sequence>
  <logger>grafovirsuniuranguotojas.GrafoVirsuniuRanguotojas</logger>
  <level>WARNING</level>
  <class>grafovirsuniuranguotojas.GrafoPanele$1</class>
  <method>mouseDragged</method>
  <thread>13</thread>
  <message>Bandoma viršūnę nustumti už ribų</message>
</record>
<record>
  <date>2013-12-01T22:37:31</date>
  <millis>1385930251579</millis>
  <sequence>56</sequence>
  <logger>grafovirsuniuranguotojas.GrafoVirsuniuRanguotojas</logger>
  <level>WARNING</level>
  <class>grafovirsuniuranguotojas.GrafoPanele$1</class>
  <method>mouseDragged</method>
  <thread>13</thread>
  <message>Bandoma viršūnę nustumti už ribų</message>
</record>
<record>
  <date>2013-12-01T22:37:31</date>
  <millis>1385930251585</millis>
  <sequence>57</sequence>
  <logger>grafovirsuniuranguotojas.GrafoVirsuniuRanguotojas</logger>
  <level>WARNING</level>
  <class>grafovirsuniuranguotojas.GrafoPanele$1</class>
  <method>mouseDragged</method>
  <thread>13</thread>
  <message>Bandoma viršūnę nustumti už ribų</message>
</record>
<record>
  <date>2013-12-01T22:37:31</date>
  <millis>1385930251593</millis>
  <sequence>58</sequence>
  <logger>grafovirsuniuranguotojas.GrafoVirsuniuRanguotojas</logger>
  <level>WARNING</level>
  <class>grafovirsuniuranguotojas.GrafoPanele$1</class>
  <method>mouseDragged</method>
  <thread>13</thread>
  <message>Bandoma viršūnę nustumti už ribų</message>
</record>
<record>
  <date>2013-12-01T22:37:31</date>
  <millis>1385930251601</millis>
  <sequence>59</sequence>
  <logger>grafovirsuniuranguotojas.GrafoVirsuniuRanguotojas</logger>
  <level>WARNING</level>
  <class>grafovirsuniuranguotojas.GrafoPanele$1</class>
  <method>mouseDragged</method>
  <thread>13</thread>
  <message>Bandoma viršūnę nustumti už ribų</message>
</record>
<record>
  <date>2013-12-01T22:37:31</date>
  <millis>1385930251609</millis>
  <sequence>60</sequence>
  <logger>grafovirsuniuranguotojas.GrafoVirsuniuRanguotojas</logger>
  <level>WARNING</level>
  <class>grafovirsuniuranguotojas.GrafoPanele$1</class>
  <method>mouseDragged</method>
  <thread>13</thread>
  <message>Bandoma viršūnę nustumti už ribų</message>
</record>
<record>
  <date>2013-12-01T22:37:31</date>
  <millis>1385930251634</millis>
  <sequence>61</sequence>
  <logger>grafovirsuniuranguotojas.GrafoVirsuniuRanguotojas</logger>
  <level>WARNING</level>
  <class>grafovirsuniuranguotojas.GrafoPanele$1</class>
  <method>mouseDragged</method>
  <thread>13</thread>
  <message>Bandoma viršūnę nustumti už ribų</message>
</record>
<record>
  <date>2013-12-01T22:37:31</date>
  <millis>1385930251762</millis>
  <sequence>62</sequence>
  <logger>grafovirsuniuranguotojas.GrafoVirsuniuRanguotojas</logger>
  <level>WARNING</level>
  <class>grafovirsuniuranguotojas.GrafoPanele$1</class>
  <method>mouseDragged</method>
  <thread>13</thread>
  <message>Bandoma viršūnę nustumti už ribų</message>
</record>
<record>
  <date>2013-12-01T22:37:31</date>
  <millis>1385930251769</millis>
  <sequence>63</sequence>
  <logger>grafovirsuniuranguotojas.GrafoVirsuniuRanguotojas</logger>
  <level>WARNING</level>
  <class>grafovirsuniuranguotojas.GrafoPanele$1</class>
  <method>mouseDragged</method>
  <thread>13</thread>
  <message>Bandoma viršūnę nustumti už ribų</message>
</record>
<record>
  <date>2013-12-01T22:37:31</date>
  <millis>1385930251777</millis>
  <sequence>64</sequence>
  <logger>grafovirsuniuranguotojas.GrafoVirsuniuRanguotojas</logger>
  <level>WARNING</level>
  <class>grafovirsuniuranguotojas.GrafoPanele$1</class>
  <method>mouseDragged</method>
  <thread>13</thread>
  <message>Bandoma viršūnę nustumti už ribų</message>
</record>
<record>
  <date>2013-12-01T22:37:31</date>
  <millis>1385930251786</millis>
  <sequence>65</sequence>
  <logger>grafovirsuniuranguotojas.GrafoVirsuniuRanguotojas</logger>
  <level>WARNING</level>
  <class>grafovirsuniuranguotojas.GrafoPanele$1</class>
  <method>mouseDragged</method>
  <thread>13</thread>
  <message>Bandoma viršūnę nustumti už ribų</message>
</record>
<record>
  <date>2013-12-01T22:37:31</date>
  <millis>1385930251794</millis>
  <sequence>66</sequence>
  <logger>grafovirsuniuranguotojas.GrafoVirsuniuRanguotojas</logger>
  <level>WARNING</level>
  <class>grafovirsuniuranguotojas.GrafoPanele$1</class>
  <method>mouseDragged</method>
  <thread>13</thread>
  <message>Bandoma viršūnę nustumti už ribų</message>
</record>
<record>
  <date>2013-12-01T22:37:31</date>
  <millis>1385930251801</millis>
  <sequence>67</sequence>
  <logger>grafovirsuniuranguotojas.GrafoVirsuniuRanguotojas</logger>
  <level>WARNING</level>
  <class>grafovirsuniuranguotojas.GrafoPanele$1</class>
  <method>mouseDragged</method>
  <thread>13</thread>
  <message>Bandoma viršūnę nustumti už ribų</message>
</record>
<record>
  <date>2013-12-01T22:37:31</date>
  <millis>1385930251809</millis>
  <sequence>68</sequence>
  <logger>grafovirsuniuranguotojas.GrafoVirsuniuRanguotojas</logger>
  <level>WARNING</level>
  <class>grafovirsuniuranguotojas.GrafoPanele$1</class>
  <method>mouseDragged</method>
  <thread>13</thread>
  <message>Bandoma viršūnę nustumti už ribų</message>
</record>
<record>
  <date>2013-12-01T22:37:31</date>
  <millis>1385930251817</millis>
  <sequence>69</sequence>
  <logger>grafovirsuniuranguotojas.GrafoVirsuniuRanguotojas</logger>
  <level>WARNING</level>
  <class>grafovirsuniuranguotojas.GrafoPanele$1</class>
  <method>mouseDragged</method>
  <thread>13</thread>
  <message>Bandoma viršūnę nustumti už ribų</message>
</record>
<record>
  <date>2013-12-01T22:37:31</date>
  <millis>1385930251827</millis>
  <sequence>70</sequence>
  <logger>grafovirsuniuranguotojas.GrafoVirsuniuRanguotojas</logger>
  <level>WARNING</level>
  <class>grafovirsuniuranguotojas.GrafoPanele$1</class>
  <method>mouseDragged</method>
  <thread>13</thread>
  <message>Bandoma viršūnę nustumti už ribų</message>
</record>
<record>
  <date>2013-12-01T22:37:31</date>
  <millis>1385930251834</millis>
  <sequence>71</sequence>
  <logger>grafovirsuniuranguotojas.GrafoVirsuniuRanguotojas</logger>
  <level>WARNING</level>
  <class>grafovirsuniuranguotojas.GrafoPanele$1</class>
  <method>mouseDragged</method>
  <thread>13</thread>
  <message>Bandoma viršūnę nustumti už ribų</message>
</record>
<record>
  <date>2013-12-01T22:37:31</date>
  <millis>1385930251841</millis>
  <sequence>72</sequence>
  <logger>grafovirsuniuranguotojas.GrafoVirsuniuRanguotojas</logger>
  <level>WARNING</level>
  <class>grafovirsuniuranguotojas.GrafoPanele$1</class>
  <method>mouseDragged</method>
  <thread>13</thread>
  <message>Bandoma viršūnę nustumti už ribų</message>
</record>
<record>
  <date>2013-12-01T22:37:31</date>
  <millis>1385930251849</millis>
  <sequence>73</sequence>
  <logger>grafovirsuniuranguotojas.GrafoVirsuniuRanguotojas</logger>
  <level>WARNING</level>
  <class>grafovirsuniuranguotojas.GrafoPanele$1</class>
  <method>mouseDragged</method>
  <thread>13</thread>
  <message>Bandoma viršūnę nustumti už ribų</message>
</record>
<record>
  <date>2013-12-01T22:37:31</date>
  <millis>1385930251857</millis>
  <sequence>74</sequence>
  <logger>grafovirsuniuranguotojas.GrafoVirsuniuRanguotojas</logger>
  <level>WARNING</level>
  <class>grafovirsuniuranguotojas.GrafoPanele$1</class>
  <method>mouseDragged</method>
  <thread>13</thread>
  <message>Bandoma viršūnę nustumti už ribų</message>
</record>
<record>
  <date>2013-12-01T22:37:31</date>
  <millis>1385930251865</millis>
  <sequence>75</sequence>
  <logger>grafovirsuniuranguotojas.GrafoVirsuniuRanguotojas</logger>
  <level>WARNING</level>
  <class>grafovirsuniuranguotojas.GrafoPanele$1</class>
  <method>mouseDragged</method>
  <thread>13</thread>
  <message>Bandoma viršūnę nustumti už ribų</message>
</record>
<record>
  <date>2013-12-01T22:37:32</date>
  <millis>1385930252065</millis>
  <sequence>76</sequence>
  <logger>grafovirsuniuranguotojas.GrafoVirsuniuRanguotojas</logger>
  <level>WARNING</level>
  <class>grafovirsuniuranguotojas.GrafoPanele$1</class>
  <method>mouseDragged</method>
  <thread>13</thread>
  <message>Bandoma viršūnę nustumti už ribų</message>
</record>
<record>
  <date>2013-12-01T22:37:32</date>
  <millis>1385930252073</millis>
  <sequence>77</sequence>
  <logger>grafovirsuniuranguotojas.GrafoVirsuniuRanguotojas</logger>
  <level>WARNING</level>
  <class>grafovirsuniuranguotojas.GrafoPanele$1</class>
  <method>mouseDragged</method>
  <thread>13</thread>
  <message>Bandoma viršūnę nustumti už ribų</message>
</record>
<record>
  <date>2013-12-01T22:37:32</date>
  <millis>1385930252081</millis>
  <sequence>78</sequence>
  <logger>grafovirsuniuranguotojas.GrafoVirsuniuRanguotojas</logger>
  <level>WARNING</level>
  <class>grafovirsuniuranguotojas.GrafoPanele$1</class>
  <method>mouseDragged</method>
  <thread>13</thread>
  <message>Bandoma viršūnę nustumti už ribų</message>
</record>
<record>
  <date>2013-12-01T22:37:32</date>
  <millis>1385930252089</millis>
  <sequence>79</sequence>
  <logger>grafovirsuniuranguotojas.GrafoVirsuniuRanguotojas</logger>
  <level>WARNING</level>
  <class>grafovirsuniuranguotojas.GrafoPanele$1</class>
  <method>mouseDragged</method>
  <thread>13</thread>
  <message>Bandoma viršūnę nustumti už ribų</message>
</record>
<record>
  <date>2013-12-01T22:37:32</date>
  <millis>1385930252097</millis>
  <sequence>80</sequence>
  <logger>grafovirsuniuranguotojas.GrafoVirsuniuRanguotojas</logger>
  <level>WARNING</level>
  <class>grafovirsuniuranguotojas.GrafoPanele$1</class>
  <method>mouseDragged</method>
  <thread>13</thread>
  <message>Bandoma viršūnę nustumti už ribų</message>
</record>
<record>
  <date>2013-12-01T22:37:32</date>
  <millis>1385930252105</millis>
  <sequence>81</sequence>
  <logger>grafovirsuniuranguotojas.GrafoVirsuniuRanguotojas</logger>
  <level>WARNING</level>
  <class>grafovirsuniuranguotojas.GrafoPanele$1</class>
  <method>mouseDragged</method>
  <thread>13</thread>
  <message>Bandoma viršūnę nustumti už ribų</message>
</record>
<record>
  <date>2013-12-01T22:37:32</date>
  <millis>1385930252113</millis>
  <sequence>82</sequence>
  <logger>grafovirsuniuranguotojas.GrafoVirsuniuRanguotojas</logger>
  <level>WARNING</level>
  <class>grafovirsuniuranguotojas.GrafoPanele$1</class>
  <method>mouseDragged</method>
  <thread>13</thread>
  <message>Bandoma viršūnę nustumti už ribų</message>
</record>
<record>
  <date>2013-12-01T22:37:32</date>
  <millis>1385930252121</millis>
  <sequence>83</sequence>
  <logger>grafovirsuniuranguotojas.GrafoVirsuniuRanguotojas</logger>
  <level>WARNING</level>
  <class>grafovirsuniuranguotojas.GrafoPanele$1</class>
  <method>mouseDragged</method>
  <thread>13</thread>
  <message>Bandoma viršūnę nustumti už ribų</message>
</record>
<record>
  <date>2013-12-01T22:37:32</date>
  <millis>1385930252129</millis>
  <sequence>84</sequence>
  <logger>grafovirsuniuranguotojas.GrafoVirsuniuRanguotojas</logger>
  <level>WARNING</level>
  <class>grafovirsuniuranguotojas.GrafoPanele$1</class>
  <method>mouseDragged</method>
  <thread>13</thread>
  <message>Bandoma viršūnę nustumti už ribų</message>
</record>
<record>
  <date>2013-12-01T22:37:32</date>
  <millis>1385930252138</millis>
  <sequence>85</sequence>
  <logger>grafovirsuniuranguotojas.GrafoVirsuniuRanguotojas</logger>
  <level>WARNING</level>
  <class>grafovirsuniuranguotojas.GrafoPanele$1</class>
  <method>mouseDragged</method>
  <thread>13</thread>
  <message>Bandoma viršūnę nustumti už ribų</message>
</record>
<record>
  <date>2013-12-01T22:37:32</date>
  <millis>1385930252145</millis>
  <sequence>86</sequence>
  <logger>grafovirsuniuranguotojas.GrafoVirsuniuRanguotojas</logger>
  <level>WARNING</level>
  <class>grafovirsuniuranguotojas.GrafoPanele$1</class>
  <method>mouseDragged</method>
  <thread>13</thread>
  <message>Bandoma viršūnę nustumti už ribų</message>
</record>
<record>
  <date>2013-12-01T22:37:32</date>
  <millis>1385930252153</millis>
  <sequence>87</sequence>
  <logger>grafovirsuniuranguotojas.GrafoVirsuniuRanguotojas</logger>
  <level>WARNING</level>
  <class>grafovirsuniuranguotojas.GrafoPanele$1</class>
  <method>mouseDragged</method>
  <thread>13</thread>
  <message>Bandoma viršūnę nustumti už ribų</message>
</record>
<record>
  <date>2013-12-01T22:37:32</date>
  <millis>1385930252161</millis>
  <sequence>88</sequence>
  <logger>grafovirsuniuranguotojas.GrafoVirsuniuRanguotojas</logger>
  <level>WARNING</level>
  <class>grafovirsuniuranguotojas.GrafoPanele$1</class>
  <method>mouseDragged</method>
  <thread>13</thread>
  <message>Bandoma viršūnę nustumti už ribų</message>
</record>
<record>
  <date>2013-12-01T22:37:32</date>
  <millis>1385930252169</millis>
  <sequence>89</sequence>
  <logger>grafovirsuniuranguotojas.GrafoVirsuniuRanguotojas</logger>
  <level>WARNING</level>
  <class>grafovirsuniuranguotojas.GrafoPanele$1</class>
  <method>mouseDragged</method>
  <thread>13</thread>
  <message>Bandoma viršūnę nustumti už ribų</message>
</record>
<record>
  <date>2013-12-01T22:37:37</date>
  <millis>1385930257962</millis>
  <sequence>90</sequence>
  <logger>grafovirsuniuranguotojas.GrafoVirsuniuRanguotojas</logger>
  <level>WARNING</level>
  <class>grafovirsuniuranguotojas.GrafoPanele$1</class>
  <method>mouseDragged</method>
  <thread>13</thread>
  <message>Bandoma viršūnę nustumti už ribų</message>
</record>
<record>
  <date>2013-12-01T22:37:37</date>
  <millis>1385930257970</millis>
  <sequence>91</sequence>
  <logger>grafovirsuniuranguotojas.GrafoVirsuniuRanguotojas</logger>
  <level>WARNING</level>
  <class>grafovirsuniuranguotojas.GrafoPanele$1</class>
  <method>mouseDragged</method>
  <thread>13</thread>
  <message>Bandoma viršūnę nustumti už ribų</message>
</record>
<record>
  <date>2013-12-01T22:37:37</date>
  <millis>1385930257978</millis>
  <sequence>92</sequence>
  <logger>grafovirsuniuranguotojas.GrafoVirsuniuRanguotojas</logger>
  <level>WARNING</level>
  <class>grafovirsuniuranguotojas.GrafoPanele$1</class>
  <method>mouseDragged</method>
  <thread>13</thread>
  <message>Bandoma viršūnę nustumti už ribų</message>
</record>
<record>
  <date>2013-12-01T22:37:37</date>
  <millis>1385930257985</millis>
  <sequence>93</sequence>
  <logger>grafovirsuniuranguotojas.GrafoVirsuniuRanguotojas</logger>
  <level>WARNING</level>
  <class>grafovirsuniuranguotojas.GrafoPanele$1</class>
  <method>mouseDragged</method>
  <thread>13</thread>
  <message>Bandoma viršūnę nustumti už ribų</message>
</record>
<record>
  <date>2013-12-01T22:37:37</date>
  <millis>1385930257993</millis>
  <sequence>94</sequence>
  <logger>grafovirsuniuranguotojas.GrafoVirsuniuRanguotojas</logger>
  <level>WARNING</level>
  <class>grafovirsuniuranguotojas.GrafoPanele$1</class>
  <method>mouseDragged</method>
  <thread>13</thread>
  <message>Bandoma viršūnę nustumti už ribų</message>
</record>
<record>
  <date>2013-12-01T22:37:38</date>
  <millis>1385930258001</millis>
  <sequence>95</sequence>
  <logger>grafovirsuniuranguotojas.GrafoVirsuniuRanguotojas</logger>
  <level>WARNING</level>
  <class>grafovirsuniuranguotojas.GrafoPanele$1</class>
  <method>mouseDragged</method>
  <thread>13</thread>
  <message>Bandoma viršūnę nustumti už ribų</message>
</record>
<record>
  <date>2013-12-01T22:37:38</date>
  <millis>1385930258009</millis>
  <sequence>96</sequence>
  <logger>grafovirsuniuranguotojas.GrafoVirsuniuRanguotojas</logger>
  <level>WARNING</level>
  <class>grafovirsuniuranguotojas.GrafoPanele$1</class>
  <method>mouseDragged</method>
  <thread>13</thread>
  <message>Bandoma viršūnę nustumti už ribų</message>
</record>
<record>
  <date>2013-12-01T22:37:38</date>
  <millis>1385930258242</millis>
  <sequence>97</sequence>
  <logger>grafovirsuniuranguotojas.GrafoVirsuniuRanguotojas</logger>
  <level>WARNING</level>
  <class>grafovirsuniuranguotojas.GrafoPanele$1</class>
  <method>mouseDragged</method>
  <thread>13</thread>
  <message>Bandoma viršūnę nustumti už ribų</message>
</record>
<record>
  <date>2013-12-01T22:37:38</date>
  <millis>1385930258250</millis>
  <sequence>98</sequence>
  <logger>grafovirsuniuranguotojas.GrafoVirsuniuRanguotojas</logger>
  <level>WARNING</level>
  <class>grafovirsuniuranguotojas.GrafoPanele$1</class>
  <method>mouseDragged</method>
  <thread>13</thread>
  <message>Bandoma viršūnę nustumti už ribų</message>
</record>
<record>
  <date>2013-12-01T22:37:38</date>
  <millis>1385930258257</millis>
  <sequence>99</sequence>
  <logger>grafovirsuniuranguotojas.GrafoVirsuniuRanguotojas</logger>
  <level>WARNING</level>
  <class>grafovirsuniuranguotojas.GrafoPanele$1</class>
  <method>mouseDragged</method>
  <thread>13</thread>
  <message>Bandoma viršūnę nustumti už ribų</message>
</record>
<record>
  <date>2013-12-01T22:37:38</date>
  <millis>1385930258265</millis>
  <sequence>100</sequence>
  <logger>grafovirsuniuranguotojas.GrafoVirsuniuRanguotojas</logger>
  <level>WARNING</level>
  <class>grafovirsuniuranguotojas.GrafoPanele$1</class>
  <method>mouseDragged</method>
  <thread>13</thread>
  <message>Bandoma viršūnę nustumti už ribų</message>
</record>
<record>
  <date>2013-12-01T22:37:38</date>
  <millis>1385930258273</millis>
  <sequence>101</sequence>
  <logger>grafovirsuniuranguotojas.GrafoVirsuniuRanguotojas</logger>
  <level>WARNING</level>
  <class>grafovirsuniuranguotojas.GrafoPanele$1</class>
  <method>mouseDragged</method>
  <thread>13</thread>
  <message>Bandoma viršūnę nustumti už ribų</message>
</record>
<record>
  <date>2013-12-01T22:37:38</date>
  <millis>1385930258458</millis>
  <sequence>102</sequence>
  <logger>grafovirsuniuranguotojas.GrafoVirsuniuRanguotojas</logger>
  <level>WARNING</level>
  <class>grafovirsuniuranguotojas.GrafoPanele$1</class>
  <method>mouseDragged</method>
  <thread>13</thread>
  <message>Bandoma viršūnę nustumti už ribų</message>
</record>
<record>
  <date>2013-12-01T22:37:38</date>
  <millis>1385930258689</millis>
  <sequence>103</sequence>
  <logger>grafovirsuniuranguotojas.GrafoVirsuniuRanguotojas</logger>
  <level>WARNING</level>
  <class>grafovirsuniuranguotojas.GrafoPanele$1</class>
  <method>mouseDragged</method>
  <thread>13</thread>
  <message>Bandoma viršūnę nustumti už ribų</message>
</record>
<record>
  <date>2013-12-01T22:37:38</date>
  <millis>1385930258697</millis>
  <sequence>104</sequence>
  <logger>grafovirsuniuranguotojas.GrafoVirsuniuRanguotojas</logger>
  <level>WARNING</level>
  <class>grafovirsuniuranguotojas.GrafoPanele$1</class>
  <method>mouseDragged</method>
  <thread>13</thread>
  <message>Bandoma viršūnę nustumti už ribų</message>
</record>
<record>
  <date>2013-12-01T22:37:38</date>
  <millis>1385930258707</millis>
  <sequence>105</sequence>
  <logger>grafovirsuniuranguotojas.GrafoVirsuniuRanguotojas</logger>
  <level>WARNING</level>
  <class>grafovirsuniuranguotojas.GrafoPanele$1</class>
  <method>mouseDragged</method>
  <thread>13</thread>
  <message>Bandoma viršūnę nustumti už ribų</message>
</record>
<record>
  <date>2013-12-01T22:37:38</date>
  <millis>1385930258715</millis>
  <sequence>106</sequence>
  <logger>grafovirsuniuranguotojas.GrafoVirsuniuRanguotojas</logger>
  <level>WARNING</level>
  <class>grafovirsuniuranguotojas.GrafoPanele$1</class>
  <method>mouseDragged</method>
  <thread>13</thread>
  <message>Bandoma viršūnę nustumti už ribų</message>
</record>
<record>
  <date>2013-12-01T22:37:38</date>
  <millis>1385930258721</millis>
  <sequence>107</sequence>
  <logger>grafovirsuniuranguotojas.GrafoVirsuniuRanguotojas</logger>
  <level>WARNING</level>
  <class>grafovirsuniuranguotojas.GrafoPanele$1</class>
  <method>mouseDragged</method>
  <thread>13</thread>
  <message>Bandoma viršūnę nustumti už ribų</message>
</record>
<record>
  <date>2013-12-01T22:37:38</date>
  <millis>1385930258729</millis>
  <sequence>108</sequence>
  <logger>grafovirsuniuranguotojas.GrafoVirsuniuRanguotojas</logger>
  <level>WARNING</level>
  <class>grafovirsuniuranguotojas.GrafoPanele$1</class>
  <method>mouseDragged</method>
  <thread>13</thread>
  <message>Bandoma viršūnę nustumti už ribų</message>
</record>
<record>
  <date>2013-12-01T22:37:38</date>
  <millis>1385930258737</millis>
  <sequence>109</sequence>
  <logger>grafovirsuniuranguotojas.GrafoVirsuniuRanguotojas</logger>
  <level>WARNING</level>
  <class>grafovirsuniuranguotojas.GrafoPanele$1</class>
  <method>mouseDragged</method>
  <thread>13</thread>
  <message>Bandoma viršūnę nustumti už ribų</message>
</record>
<record>
  <date>2013-12-01T22:37:39</date>
  <millis>1385930259817</millis>
  <sequence>110</sequence>
  <logger>grafovirsuniuranguotojas.GrafoVirsuniuRanguotojas</logger>
  <level>WARNING</level>
  <class>grafovirsuniuranguotojas.GrafoPanele$1</class>
  <method>mouseDragged</method>
  <thread>13</thread>
  <message>Bandoma viršūnę uždėti ant kitos viršūnės</message>
</record>
<record>
  <date>2013-12-01T22:37:40</date>
  <millis>1385930260265</millis>
  <sequence>111</sequence>
  <logger>grafovirsuniuranguotojas.GrafoVirsuniuRanguotojas</logger>
  <level>WARNING</level>
  <class>grafovirsuniuranguotojas.GrafoPanele$1</class>
  <method>mouseDragged</method>
  <thread>13</thread>
  <message>Bandoma viršūnę nustumti už ribų</message>
</record>
<record>
  <date>2013-12-01T22:37:40</date>
  <millis>1385930260273</millis>
  <sequence>112</sequence>
  <logger>grafovirsuniuranguotojas.GrafoVirsuniuRanguotojas</logger>
  <level>WARNING</level>
  <class>grafovirsuniuranguotojas.GrafoPanele$1</class>
  <method>mouseDragged</method>
  <thread>13</thread>
  <message>Bandoma viršūnę nustumti už ribų</message>
</record>
<record>
  <date>2013-12-01T22:37:40</date>
  <millis>1385930260281</millis>
  <sequence>113</sequence>
  <logger>grafovirsuniuranguotojas.GrafoVirsuniuRanguotojas</logger>
  <level>WARNING</level>
  <class>grafovirsuniuranguotojas.GrafoPanele$1</class>
  <method>mouseDragged</method>
  <thread>13</thread>
  <message>Bandoma viršūnę nustumti už ribų</message>
</record>
<record>
  <date>2013-12-01T22:37:40</date>
  <millis>1385930260289</millis>
  <sequence>114</sequence>
  <logger>grafovirsuniuranguotojas.GrafoVirsuniuRanguotojas</logger>
  <level>WARNING</level>
  <class>grafovirsuniuranguotojas.GrafoPanele$1</class>
  <method>mouseDragged</method>
  <thread>13</thread>
  <message>Bandoma viršūnę nustumti už ribų</message>
</record>
<record>
  <date>2013-12-01T22:37:40</date>
  <millis>1385930260297</millis>
  <sequence>115</sequence>
  <logger>grafovirsuniuranguotojas.GrafoVirsuniuRanguotojas</logger>
  <level>WARNING</level>
  <class>grafovirsuniuranguotojas.GrafoPanele$1</class>
  <method>mouseDragged</method>
  <thread>13</thread>
  <message>Bandoma viršūnę nustumti už ribų</message>
</record>
<record>
  <date>2013-12-01T22:37:40</date>
  <millis>1385930260305</millis>
  <sequence>116</sequence>
  <logger>grafovirsuniuranguotojas.GrafoVirsuniuRanguotojas</logger>
  <level>WARNING</level>
  <class>grafovirsuniuranguotojas.GrafoPanele$1</class>
  <method>mouseDragged</method>
  <thread>13</thread>
  <message>Bandoma viršūnę nustumti už ribų</message>
</record>
<record>
  <date>2013-12-01T22:37:40</date>
  <millis>1385930260802</millis>
  <sequence>117</sequence>
  <logger>grafovirsuniuranguotojas.GrafoVirsuniuRanguotojas</logger>
  <level>WARNING</level>
  <class>grafovirsuniuranguotojas.GrafoPanele$1</class>
  <method>mouseDragged</method>
  <thread>13</thread>
  <message>Bandoma viršūnę nustumti už ribų</message>
</record>
<record>
  <date>2013-12-01T22:37:40</date>
  <millis>1385930260809</millis>
  <sequence>118</sequence>
  <logger>grafovirsuniuranguotojas.GrafoVirsuniuRanguotojas</logger>
  <level>WARNING</level>
  <class>grafovirsuniuranguotojas.GrafoPanele$1</class>
  <method>mouseDragged</method>
  <thread>13</thread>
  <message>Bandoma viršūnę nustumti už ribų</message>
</record>
<record>
  <date>2013-12-01T22:37:40</date>
  <millis>1385930260817</millis>
  <sequence>119</sequence>
  <logger>grafovirsuniuranguotojas.GrafoVirsuniuRanguotojas</logger>
  <level>WARNING</level>
  <class>grafovirsuniuranguotojas.GrafoPanele$1</class>
  <method>mouseDragged</method>
  <thread>13</thread>
  <message>Bandoma viršūnę nustumti už ribų</message>
</record>
<record>
  <date>2013-12-01T22:37:40</date>
  <millis>1385930260825</millis>
  <sequence>120</sequence>
  <logger>grafovirsuniuranguotojas.GrafoVirsuniuRanguotojas</logger>
  <level>WARNING</level>
  <class>grafovirsuniuranguotojas.GrafoPanele$1</class>
  <method>mouseDragged</method>
  <thread>13</thread>
  <message>Bandoma viršūnę nustumti už ribų</message>
</record>
</log>
