<?xml version="1.0" encoding="UTF-8" standalone="no"?>
<!DOCTYPE log SYSTEM "logger.dtd">
<log>
<record>
  <date>2013-12-01T21:34:29</date>
  <millis>1385926469938</millis>
  <sequence>0</sequence>
  <logger>grafovirsuniuranguotojas.GrafoVirsuniuRanguotojas</logger>
  <level>INFO</level>
  <class>grafovirsuniuranguotojas.GrafoVirsuniuRanguotojas</class>
  <method>paruostiLogeri</method>
  <thread>1</thread>
  <message>Logeris sėkmingai paruoštas darbui.</message>
</record>
<record>
  <date>2013-12-01T21:34:29</date>
  <millis>1385926469950</millis>
  <sequence>1</sequence>
  <logger>grafovirsuniuranguotojas.GrafoVirsuniuRanguotojas</logger>
  <level>INFO</level>
  <class>grafovirsuniuranguotojas.GUI</class>
  <method>paruostiGUI</method>
  <thread>1</thread>
  <message>Ruošiama grafinė sąsaja.</message>
</record>
<record>
  <date>2013-12-01T21:34:30</date>
  <millis>1385926470066</millis>
  <sequence>2</sequence>
  <logger>grafovirsuniuranguotojas.GrafoVirsuniuRanguotojas</logger>
  <level>INFO</level>
  <class>grafovirsuniuranguotojas.GUI</class>
  <method>paruostiGUI</method>
  <thread>1</thread>
  <message>Lango matmenys: 921x520</message>
</record>
<record>
  <date>2013-12-01T21:34:30</date>
  <millis>1385926470201</millis>
  <sequence>3</sequence>
  <logger>grafovirsuniuranguotojas.GrafoVirsuniuRanguotojas</logger>
  <level>INFO</level>
  <class>grafovirsuniuranguotojas.GUI$2</class>
  <method>componentResized</method>
  <thread>13</thread>
  <message>Keičiami lango matmenys į 913x519, meniu aukštis: 21</message>
</record>
<record>
  <date>2013-12-01T21:34:30</date>
  <millis>1385926470263</millis>
  <sequence>4</sequence>
  <logger>grafovirsuniuranguotojas.GrafoVirsuniuRanguotojas</logger>
  <level>INFO</level>
  <class>grafovirsuniuranguotojas.GUI$2</class>
  <method>componentResized</method>
  <thread>13</thread>
  <message>Keičiami lango matmenys į 921x520, meniu aukštis: 21</message>
</record>
<record>
  <date>2013-12-01T21:34:30</date>
  <millis>1385926470337</millis>
  <sequence>5</sequence>
  <logger>grafovirsuniuranguotojas.GrafoVirsuniuRanguotojas</logger>
  <level>INFO</level>
  <class>grafovirsuniuranguotojas.GUI$2</class>
  <method>componentResized</method>
  <thread>13</thread>
  <message>Keičiami lango matmenys į 921x520, meniu aukštis: 21</message>
</record>
<record>
  <date>2013-12-01T21:34:41</date>
  <millis>1385926481026</millis>
  <sequence>6</sequence>
  <logger>grafovirsuniuranguotojas.GrafoVirsuniuRanguotojas</logger>
  <level>WARNING</level>
  <class>grafovirsuniuranguotojas.GrafoPanele$1</class>
  <method>mouseDragged</method>
  <thread>13</thread>
  <message>Bandoma viršūnę uždėti ant kitos viršūnės</message>
</record>
<record>
  <date>2013-12-01T21:34:41</date>
  <millis>1385926481034</millis>
  <sequence>7</sequence>
  <logger>grafovirsuniuranguotojas.GrafoVirsuniuRanguotojas</logger>
  <level>WARNING</level>
  <class>grafovirsuniuranguotojas.GrafoPanele$1</class>
  <method>mouseDragged</method>
  <thread>13</thread>
  <message>Bandoma viršūnę uždėti ant kitos viršūnės</message>
</record>
<record>
  <date>2013-12-01T21:34:41</date>
  <millis>1385926481042</millis>
  <sequence>8</sequence>
  <logger>grafovirsuniuranguotojas.GrafoVirsuniuRanguotojas</logger>
  <level>WARNING</level>
  <class>grafovirsuniuranguotojas.GrafoPanele$1</class>
  <method>mouseDragged</method>
  <thread>13</thread>
  <message>Bandoma viršūnę uždėti ant kitos viršūnės</message>
</record>
<record>
  <date>2013-12-01T21:34:41</date>
  <millis>1385926481051</millis>
  <sequence>9</sequence>
  <logger>grafovirsuniuranguotojas.GrafoVirsuniuRanguotojas</logger>
  <level>WARNING</level>
  <class>grafovirsuniuranguotojas.GrafoPanele$1</class>
  <method>mouseDragged</method>
  <thread>13</thread>
  <message>Bandoma viršūnę uždėti ant kitos viršūnės</message>
</record>
<record>
  <date>2013-12-01T21:34:41</date>
  <millis>1385926481058</millis>
  <sequence>10</sequence>
  <logger>grafovirsuniuranguotojas.GrafoVirsuniuRanguotojas</logger>
  <level>WARNING</level>
  <class>grafovirsuniuranguotojas.GrafoPanele$1</class>
  <method>mouseDragged</method>
  <thread>13</thread>
  <message>Bandoma viršūnę uždėti ant kitos viršūnės</message>
</record>
</log>
